{"numTotalTestSuites":116,"numPassedTestSuites":35,"numFailedTestSuites":81,"numPendingTestSuites":0,"numTotalTests":225,"numPassedTests":89,"numFailedTests":136,"numPendingTests":0,"numTodoTests":0,"snapshot":{"added":0,"failure":false,"filesAdded":0,"filesRemoved":0,"filesRemovedList":[],"filesUnmatched":0,"filesUpdated":0,"matched":0,"total":0,"unchecked":0,"uncheckedKeysByFile":[],"unmatched":0,"updated":0,"didUpdate":false},"startTime":1755048337775,"success":false,"testResults":[{"assertionResults":[{"ancestorTitles":["CLI","module loading"],"fullName":"CLI module loading should be a valid module","status":"passed","title":"should be a valid module","duration":0.7169169999999951,"failureMessages":[],"meta":{}}],"startTime":1755048339050,"endTime":1755048339050.7168,"status":"passed","message":"","name":"/Users/marcin/Projects/veas/m9sh/apps/veas-cli/src/cli.test.ts"},{"assertionResults":[{"ancestorTitles":["AuthManager","login"],"fullName":"AuthManager login should successfully login and store encrypted credentials","status":"passed","title":"should successfully login and store encrypted credentials","duration":41.51029200000005,"failureMessages":[],"meta":{}},{"ancestorTitles":["AuthManager","login"],"fullName":"AuthManager login should throw error on authentication failure","status":"passed","title":"should throw error on authentication failure","duration":36.96195799999998,"failureMessages":[],"meta":{}},{"ancestorTitles":["AuthManager","login"],"fullName":"AuthManager login should throw error when no user or session returned","status":"passed","title":"should throw error when no user or session returned","duration":34.052458,"failureMessages":[],"meta":{}},{"ancestorTitles":["AuthManager","logout"],"fullName":"AuthManager logout should remove auth file and clear credentials","status":"passed","title":"should remove auth file and clear credentials","duration":37.418499999999995,"failureMessages":[],"meta":{}},{"ancestorTitles":["AuthManager","logout"],"fullName":"AuthManager logout should not throw error if auth file does not exist","status":"passed","title":"should not throw error if auth file does not exist","duration":48.59533299999998,"failureMessages":[],"meta":{}},{"ancestorTitles":["AuthManager","getSession"],"fullName":"AuthManager getSession should return stored session from file","status":"passed","title":"should return stored session from file","duration":34.15741600000001,"failureMessages":[],"meta":{}},{"ancestorTitles":["AuthManager","getSession"],"fullName":"AuthManager getSession should return null if file does not exist","status":"passed","title":"should return null if file does not exist","duration":33.89758299999994,"failureMessages":[],"meta":{}},{"ancestorTitles":["AuthManager","getSession"],"fullName":"AuthManager getSession should return null if session is expired","status":"passed","title":"should return null if session is expired","duration":33.45620800000006,"failureMessages":[],"meta":{}},{"ancestorTitles":["AuthManager","getToken"],"fullName":"AuthManager getToken should return token from session","status":"passed","title":"should return token from session","duration":36.5123329999999,"failureMessages":[],"meta":{}},{"ancestorTitles":["AuthManager","getToken"],"fullName":"AuthManager getToken should return null when no session","status":"passed","title":"should return null when no session","duration":40.48300000000006,"failureMessages":[],"meta":{}},{"ancestorTitles":["AuthManager","encryption/decryption"],"fullName":"AuthManager encryption/decryption should encrypt and decrypt data correctly","status":"passed","title":"should encrypt and decrypt data correctly","duration":34.46779200000003,"failureMessages":[],"meta":{}},{"ancestorTitles":["AuthManager","encryption/decryption"],"fullName":"AuthManager encryption/decryption should throw error for invalid encrypted format","status":"passed","title":"should throw error for invalid encrypted format","duration":33.124124999999935,"failureMessages":[],"meta":{}}],"startTime":1755048338807,"endTime":1755048339251.124,"status":"passed","message":"","name":"/Users/marcin/Projects/veas/m9sh/apps/veas-cli/src/auth/auth-manager.test.ts"},{"assertionResults":[{"ancestorTitles":["OAuthDeviceFlow","constructor"],"fullName":"OAuthDeviceFlow constructor should use provided API URL","status":"passed","title":"should use provided API URL","duration":1.3854580000000283,"failureMessages":[],"meta":{}},{"ancestorTitles":["OAuthDeviceFlow","constructor"],"fullName":"OAuthDeviceFlow constructor should use environment variable if no URL provided","status":"passed","title":"should use environment variable if no URL provided","duration":0.19162499999998772,"failureMessages":[],"meta":{}},{"ancestorTitles":["OAuthDeviceFlow","constructor"],"fullName":"OAuthDeviceFlow constructor should default to veas.app if no URL provided","status":"passed","title":"should default to veas.app if no URL provided","duration":0.3156249999999545,"failureMessages":[],"meta":{}},{"ancestorTitles":["OAuthDeviceFlow","initiateDeviceFlow"],"fullName":"OAuthDeviceFlow initiateDeviceFlow should successfully initiate device flow","status":"passed","title":"should successfully initiate device flow","duration":2.100332999999978,"failureMessages":[],"meta":{}},{"ancestorTitles":["OAuthDeviceFlow","initiateDeviceFlow"],"fullName":"OAuthDeviceFlow initiateDeviceFlow should throw error on failed request","status":"passed","title":"should throw error on failed request","duration":0.9597920000000499,"failureMessages":[],"meta":{}},{"ancestorTitles":["OAuthDeviceFlow","initiateDeviceFlow"],"fullName":"OAuthDeviceFlow initiateDeviceFlow should handle network errors","status":"passed","title":"should handle network errors","duration":0.28862500000002456,"failureMessages":[],"meta":{}},{"ancestorTitles":["OAuthDeviceFlow","pollForToken"],"fullName":"OAuthDeviceFlow pollForToken should successfully poll and return token","status":"passed","title":"should successfully poll and return token","duration":2.4156670000000418,"failureMessages":[],"meta":{}},{"ancestorTitles":["OAuthDeviceFlow","pollForToken"],"fullName":"OAuthDeviceFlow pollForToken should handle authorization_pending and continue polling","status":"passed","title":"should handle authorization_pending and continue polling","duration":2.0252080000000205,"failureMessages":[],"meta":{}},{"ancestorTitles":["OAuthDeviceFlow","pollForToken"],"fullName":"OAuthDeviceFlow pollForToken should handle slow_down error","status":"passed","title":"should handle slow_down error","duration":4.505667000000017,"failureMessages":[],"meta":{}},{"ancestorTitles":["OAuthDeviceFlow","pollForToken"],"fullName":"OAuthDeviceFlow pollForToken should throw on unrecoverable error","status":"passed","title":"should throw on unrecoverable error","duration":3.7950419999999667,"failureMessages":[],"meta":{}},{"ancestorTitles":["OAuthDeviceFlow","pollForToken"],"fullName":"OAuthDeviceFlow pollForToken should enforce minimum polling interval of 5 seconds","status":"passed","title":"should enforce minimum polling interval of 5 seconds","duration":2.078083000000049,"failureMessages":[],"meta":{}},{"ancestorTitles":["OAuthDeviceFlow","openBrowser"],"fullName":"OAuthDeviceFlow openBrowser should open browser on macOS","status":"passed","title":"should open browser on macOS","duration":1.0680000000000405,"failureMessages":[],"meta":{}},{"ancestorTitles":["OAuthDeviceFlow","openBrowser"],"fullName":"OAuthDeviceFlow openBrowser should open browser on Windows","status":"passed","title":"should open browser on Windows","duration":0.5272079999999733,"failureMessages":[],"meta":{}},{"ancestorTitles":["OAuthDeviceFlow","openBrowser"],"fullName":"OAuthDeviceFlow openBrowser should open browser on Linux","status":"passed","title":"should open browser on Linux","duration":0.22274999999996226,"failureMessages":[],"meta":{}},{"ancestorTitles":["OAuthDeviceFlow","openBrowser"],"fullName":"OAuthDeviceFlow openBrowser should handle browser open failure gracefully","status":"failed","title":"should handle browser open failure gracefully","duration":4.1771249999999895,"failureMessages":["AssertionError: expected \"warn\" to be called with arguments: [ Array(1) ]\n\nReceived: \n\n\n\nNumber of calls: 0\n\n    at Proxy.<anonymous> (file:///Users/marcin/Projects/veas/m9sh/apps/veas-cli/node_modules/.pnpm/@vitest+expect@2.1.9/node_modules/@vitest/expect/dist/index.js:1465:13)\n    at Proxy.<anonymous> (file:///Users/marcin/Projects/veas/m9sh/apps/veas-cli/node_modules/.pnpm/@vitest+expect@2.1.9/node_modules/@vitest/expect/dist/index.js:972:17)\n    at Proxy.methodWrapper (file:///Users/marcin/Projects/veas/m9sh/apps/veas-cli/node_modules/.pnpm/chai@5.2.1/node_modules/chai/chai.js:1706:25)\n    at /Users/marcin/Projects/veas/m9sh/apps/veas-cli/src/auth/device-flow.test.ts:305:27\n    at file:///Users/marcin/Projects/veas/m9sh/apps/veas-cli/node_modules/.pnpm/@vitest+runner@2.1.9/node_modules/@vitest/runner/dist/index.js:533:5\n    at runTest (file:///Users/marcin/Projects/veas/m9sh/apps/veas-cli/node_modules/.pnpm/@vitest+runner@2.1.9/node_modules/@vitest/runner/dist/index.js:1056:11)\n    at runSuite (file:///Users/marcin/Projects/veas/m9sh/apps/veas-cli/node_modules/.pnpm/@vitest+runner@2.1.9/node_modules/@vitest/runner/dist/index.js:1205:15)\n    at runSuite (file:///Users/marcin/Projects/veas/m9sh/apps/veas-cli/node_modules/.pnpm/@vitest+runner@2.1.9/node_modules/@vitest/runner/dist/index.js:1205:15)\n    at runSuite (file:///Users/marcin/Projects/veas/m9sh/apps/veas-cli/node_modules/.pnpm/@vitest+runner@2.1.9/node_modules/@vitest/runner/dist/index.js:1205:15)\n    at runFiles (file:///Users/marcin/Projects/veas/m9sh/apps/veas-cli/node_modules/.pnpm/@vitest+runner@2.1.9/node_modules/@vitest/runner/dist/index.js:1262:5)"],"meta":{}},{"ancestorTitles":["OAuthDeviceFlow","authenticate"],"fullName":"OAuthDeviceFlow authenticate should complete full authentication flow","status":"passed","title":"should complete full authentication flow","duration":3.789874999999995,"failureMessages":[],"meta":{}},{"ancestorTitles":["OAuthDeviceFlow","authenticate"],"fullName":"OAuthDeviceFlow authenticate should handle localhost URLs correctly","status":"passed","title":"should handle localhost URLs correctly","duration":2.9298749999999814,"failureMessages":[],"meta":{}},{"ancestorTitles":["OAuthDeviceFlow","authenticate"],"fullName":"OAuthDeviceFlow authenticate should handle authentication failure","status":"passed","title":"should handle authentication failure","duration":0.5121249999999691,"failureMessages":[],"meta":{}},{"ancestorTitles":["OAuthDeviceFlow","authenticate"],"fullName":"OAuthDeviceFlow authenticate should open browser with verification_uri if complete URL not available","status":"passed","title":"should open browser with verification_uri if complete URL not available","duration":1.2946249999999964,"failureMessages":[],"meta":{}}],"startTime":1755048338278,"endTime":1755048338313.2947,"status":"failed","message":"","name":"/Users/marcin/Projects/veas/m9sh/apps/veas-cli/src/auth/device-flow.test.ts"},{"assertionResults":[{"ancestorTitles":["CacheManager","getInstance"],"fullName":"CacheManager getInstance should return singleton instance","status":"failed","title":"should return singleton instance","duration":5.331542000000013,"failureMessages":["TypeError: __vi_import_0__.CacheManager.getInstance is not a function\n    at /Users/marcin/Projects/veas/m9sh/apps/veas-cli/src/cache/cache-manager.test.ts:28:33\n    at file:///Users/marcin/Projects/veas/m9sh/apps/veas-cli/node_modules/.pnpm/@vitest+runner@2.1.9/node_modules/@vitest/runner/dist/index.js:146:14\n    at runWithTimeout (file:///Users/marcin/Projects/veas/m9sh/apps/veas-cli/node_modules/.pnpm/@vitest+runner@2.1.9/node_modules/@vitest/runner/dist/index.js:39:7)\n    at callSuiteHook (file:///Users/marcin/Projects/veas/m9sh/apps/veas-cli/node_modules/.pnpm/@vitest+runner@2.1.9/node_modules/@vitest/runner/dist/index.js:964:28)\n    at processTicksAndRejections (node:internal/process/task_queues:105:5)\n    at callSuiteHook (file:///Users/marcin/Projects/veas/m9sh/apps/veas-cli/node_modules/.pnpm/@vitest+runner@2.1.9/node_modules/@vitest/runner/dist/index.js:953:10)\n    at runTest (file:///Users/marcin/Projects/veas/m9sh/apps/veas-cli/node_modules/.pnpm/@vitest+runner@2.1.9/node_modules/@vitest/runner/dist/index.js:1040:30)\n    at runSuite (file:///Users/marcin/Projects/veas/m9sh/apps/veas-cli/node_modules/.pnpm/@vitest+runner@2.1.9/node_modules/@vitest/runner/dist/index.js:1205:15)\n    at runSuite (file:///Users/marcin/Projects/veas/m9sh/apps/veas-cli/node_modules/.pnpm/@vitest+runner@2.1.9/node_modules/@vitest/runner/dist/index.js:1205:15)\n    at runSuite (file:///Users/marcin/Projects/veas/m9sh/apps/veas-cli/node_modules/.pnpm/@vitest+runner@2.1.9/node_modules/@vitest/runner/dist/index.js:1205:15)"],"meta":{}},{"ancestorTitles":["CacheManager","getInstance"],"fullName":"CacheManager getInstance should create cache with default TTL","status":"failed","title":"should create cache with default TTL","duration":0.5660419999999817,"failureMessages":["TypeError: __vi_import_0__.CacheManager.getInstance is not a function\n    at /Users/marcin/Projects/veas/m9sh/apps/veas-cli/src/cache/cache-manager.test.ts:28:33\n    at file:///Users/marcin/Projects/veas/m9sh/apps/veas-cli/node_modules/.pnpm/@vitest+runner@2.1.9/node_modules/@vitest/runner/dist/index.js:146:14\n    at runWithTimeout (file:///Users/marcin/Projects/veas/m9sh/apps/veas-cli/node_modules/.pnpm/@vitest+runner@2.1.9/node_modules/@vitest/runner/dist/index.js:39:7)\n    at callSuiteHook (file:///Users/marcin/Projects/veas/m9sh/apps/veas-cli/node_modules/.pnpm/@vitest+runner@2.1.9/node_modules/@vitest/runner/dist/index.js:964:28)\n    at processTicksAndRejections (node:internal/process/task_queues:105:5)\n    at callSuiteHook (file:///Users/marcin/Projects/veas/m9sh/apps/veas-cli/node_modules/.pnpm/@vitest+runner@2.1.9/node_modules/@vitest/runner/dist/index.js:953:10)\n    at runTest (file:///Users/marcin/Projects/veas/m9sh/apps/veas-cli/node_modules/.pnpm/@vitest+runner@2.1.9/node_modules/@vitest/runner/dist/index.js:1040:30)\n    at runSuite (file:///Users/marcin/Projects/veas/m9sh/apps/veas-cli/node_modules/.pnpm/@vitest+runner@2.1.9/node_modules/@vitest/runner/dist/index.js:1205:15)\n    at runSuite (file:///Users/marcin/Projects/veas/m9sh/apps/veas-cli/node_modules/.pnpm/@vitest+runner@2.1.9/node_modules/@vitest/runner/dist/index.js:1205:15)\n    at runSuite (file:///Users/marcin/Projects/veas/m9sh/apps/veas-cli/node_modules/.pnpm/@vitest+runner@2.1.9/node_modules/@vitest/runner/dist/index.js:1205:15)"],"meta":{}},{"ancestorTitles":["CacheManager","get"],"fullName":"CacheManager get should retrieve value from cache","status":"failed","title":"should retrieve value from cache","duration":0.28758400000003803,"failureMessages":["TypeError: __vi_import_0__.CacheManager.getInstance is not a function\n    at /Users/marcin/Projects/veas/m9sh/apps/veas-cli/src/cache/cache-manager.test.ts:28:33\n    at file:///Users/marcin/Projects/veas/m9sh/apps/veas-cli/node_modules/.pnpm/@vitest+runner@2.1.9/node_modules/@vitest/runner/dist/index.js:146:14\n    at runWithTimeout (file:///Users/marcin/Projects/veas/m9sh/apps/veas-cli/node_modules/.pnpm/@vitest+runner@2.1.9/node_modules/@vitest/runner/dist/index.js:39:7)\n    at callSuiteHook (file:///Users/marcin/Projects/veas/m9sh/apps/veas-cli/node_modules/.pnpm/@vitest+runner@2.1.9/node_modules/@vitest/runner/dist/index.js:964:28)\n    at processTicksAndRejections (node:internal/process/task_queues:105:5)\n    at callSuiteHook (file:///Users/marcin/Projects/veas/m9sh/apps/veas-cli/node_modules/.pnpm/@vitest+runner@2.1.9/node_modules/@vitest/runner/dist/index.js:953:10)\n    at runTest (file:///Users/marcin/Projects/veas/m9sh/apps/veas-cli/node_modules/.pnpm/@vitest+runner@2.1.9/node_modules/@vitest/runner/dist/index.js:1040:30)\n    at runSuite (file:///Users/marcin/Projects/veas/m9sh/apps/veas-cli/node_modules/.pnpm/@vitest+runner@2.1.9/node_modules/@vitest/runner/dist/index.js:1205:15)\n    at runSuite (file:///Users/marcin/Projects/veas/m9sh/apps/veas-cli/node_modules/.pnpm/@vitest+runner@2.1.9/node_modules/@vitest/runner/dist/index.js:1205:15)\n    at runSuite (file:///Users/marcin/Projects/veas/m9sh/apps/veas-cli/node_modules/.pnpm/@vitest+runner@2.1.9/node_modules/@vitest/runner/dist/index.js:1205:15)"],"meta":{}},{"ancestorTitles":["CacheManager","get"],"fullName":"CacheManager get should return undefined for missing key","status":"failed","title":"should return undefined for missing key","duration":0.24220800000000509,"failureMessages":["TypeError: __vi_import_0__.CacheManager.getInstance is not a function\n    at /Users/marcin/Projects/veas/m9sh/apps/veas-cli/src/cache/cache-manager.test.ts:28:33\n    at file:///Users/marcin/Projects/veas/m9sh/apps/veas-cli/node_modules/.pnpm/@vitest+runner@2.1.9/node_modules/@vitest/runner/dist/index.js:146:14\n    at runWithTimeout (file:///Users/marcin/Projects/veas/m9sh/apps/veas-cli/node_modules/.pnpm/@vitest+runner@2.1.9/node_modules/@vitest/runner/dist/index.js:39:7)\n    at callSuiteHook (file:///Users/marcin/Projects/veas/m9sh/apps/veas-cli/node_modules/.pnpm/@vitest+runner@2.1.9/node_modules/@vitest/runner/dist/index.js:964:28)\n    at processTicksAndRejections (node:internal/process/task_queues:105:5)\n    at callSuiteHook (file:///Users/marcin/Projects/veas/m9sh/apps/veas-cli/node_modules/.pnpm/@vitest+runner@2.1.9/node_modules/@vitest/runner/dist/index.js:953:10)\n    at runTest (file:///Users/marcin/Projects/veas/m9sh/apps/veas-cli/node_modules/.pnpm/@vitest+runner@2.1.9/node_modules/@vitest/runner/dist/index.js:1040:30)\n    at runSuite (file:///Users/marcin/Projects/veas/m9sh/apps/veas-cli/node_modules/.pnpm/@vitest+runner@2.1.9/node_modules/@vitest/runner/dist/index.js:1205:15)\n    at runSuite (file:///Users/marcin/Projects/veas/m9sh/apps/veas-cli/node_modules/.pnpm/@vitest+runner@2.1.9/node_modules/@vitest/runner/dist/index.js:1205:15)\n    at runSuite (file:///Users/marcin/Projects/veas/m9sh/apps/veas-cli/node_modules/.pnpm/@vitest+runner@2.1.9/node_modules/@vitest/runner/dist/index.js:1205:15)"],"meta":{}},{"ancestorTitles":["CacheManager","get"],"fullName":"CacheManager get should handle typed retrieval","status":"failed","title":"should handle typed retrieval","duration":0.25149999999996453,"failureMessages":["TypeError: __vi_import_0__.CacheManager.getInstance is not a function\n    at /Users/marcin/Projects/veas/m9sh/apps/veas-cli/src/cache/cache-manager.test.ts:28:33\n    at file:///Users/marcin/Projects/veas/m9sh/apps/veas-cli/node_modules/.pnpm/@vitest+runner@2.1.9/node_modules/@vitest/runner/dist/index.js:146:14\n    at runWithTimeout (file:///Users/marcin/Projects/veas/m9sh/apps/veas-cli/node_modules/.pnpm/@vitest+runner@2.1.9/node_modules/@vitest/runner/dist/index.js:39:7)\n    at callSuiteHook (file:///Users/marcin/Projects/veas/m9sh/apps/veas-cli/node_modules/.pnpm/@vitest+runner@2.1.9/node_modules/@vitest/runner/dist/index.js:964:28)\n    at processTicksAndRejections (node:internal/process/task_queues:105:5)\n    at callSuiteHook (file:///Users/marcin/Projects/veas/m9sh/apps/veas-cli/node_modules/.pnpm/@vitest+runner@2.1.9/node_modules/@vitest/runner/dist/index.js:953:10)\n    at runTest (file:///Users/marcin/Projects/veas/m9sh/apps/veas-cli/node_modules/.pnpm/@vitest+runner@2.1.9/node_modules/@vitest/runner/dist/index.js:1040:30)\n    at runSuite (file:///Users/marcin/Projects/veas/m9sh/apps/veas-cli/node_modules/.pnpm/@vitest+runner@2.1.9/node_modules/@vitest/runner/dist/index.js:1205:15)\n    at runSuite (file:///Users/marcin/Projects/veas/m9sh/apps/veas-cli/node_modules/.pnpm/@vitest+runner@2.1.9/node_modules/@vitest/runner/dist/index.js:1205:15)\n    at runSuite (file:///Users/marcin/Projects/veas/m9sh/apps/veas-cli/node_modules/.pnpm/@vitest+runner@2.1.9/node_modules/@vitest/runner/dist/index.js:1205:15)"],"meta":{}},{"ancestorTitles":["CacheManager","set"],"fullName":"CacheManager set should store value in cache","status":"failed","title":"should store value in cache","duration":0.23925000000002683,"failureMessages":["TypeError: __vi_import_0__.CacheManager.getInstance is not a function\n    at /Users/marcin/Projects/veas/m9sh/apps/veas-cli/src/cache/cache-manager.test.ts:28:33\n    at file:///Users/marcin/Projects/veas/m9sh/apps/veas-cli/node_modules/.pnpm/@vitest+runner@2.1.9/node_modules/@vitest/runner/dist/index.js:146:14\n    at runWithTimeout (file:///Users/marcin/Projects/veas/m9sh/apps/veas-cli/node_modules/.pnpm/@vitest+runner@2.1.9/node_modules/@vitest/runner/dist/index.js:39:7)\n    at callSuiteHook (file:///Users/marcin/Projects/veas/m9sh/apps/veas-cli/node_modules/.pnpm/@vitest+runner@2.1.9/node_modules/@vitest/runner/dist/index.js:964:28)\n    at processTicksAndRejections (node:internal/process/task_queues:105:5)\n    at callSuiteHook (file:///Users/marcin/Projects/veas/m9sh/apps/veas-cli/node_modules/.pnpm/@vitest+runner@2.1.9/node_modules/@vitest/runner/dist/index.js:953:10)\n    at runTest (file:///Users/marcin/Projects/veas/m9sh/apps/veas-cli/node_modules/.pnpm/@vitest+runner@2.1.9/node_modules/@vitest/runner/dist/index.js:1040:30)\n    at runSuite (file:///Users/marcin/Projects/veas/m9sh/apps/veas-cli/node_modules/.pnpm/@vitest+runner@2.1.9/node_modules/@vitest/runner/dist/index.js:1205:15)\n    at runSuite (file:///Users/marcin/Projects/veas/m9sh/apps/veas-cli/node_modules/.pnpm/@vitest+runner@2.1.9/node_modules/@vitest/runner/dist/index.js:1205:15)\n    at runSuite (file:///Users/marcin/Projects/veas/m9sh/apps/veas-cli/node_modules/.pnpm/@vitest+runner@2.1.9/node_modules/@vitest/runner/dist/index.js:1205:15)"],"meta":{}},{"ancestorTitles":["CacheManager","set"],"fullName":"CacheManager set should store value with custom TTL","status":"failed","title":"should store value with custom TTL","duration":0.24158299999999144,"failureMessages":["TypeError: __vi_import_0__.CacheManager.getInstance is not a function\n    at /Users/marcin/Projects/veas/m9sh/apps/veas-cli/src/cache/cache-manager.test.ts:28:33\n    at file:///Users/marcin/Projects/veas/m9sh/apps/veas-cli/node_modules/.pnpm/@vitest+runner@2.1.9/node_modules/@vitest/runner/dist/index.js:146:14\n    at runWithTimeout (file:///Users/marcin/Projects/veas/m9sh/apps/veas-cli/node_modules/.pnpm/@vitest+runner@2.1.9/node_modules/@vitest/runner/dist/index.js:39:7)\n    at callSuiteHook (file:///Users/marcin/Projects/veas/m9sh/apps/veas-cli/node_modules/.pnpm/@vitest+runner@2.1.9/node_modules/@vitest/runner/dist/index.js:964:28)\n    at processTicksAndRejections (node:internal/process/task_queues:105:5)\n    at callSuiteHook (file:///Users/marcin/Projects/veas/m9sh/apps/veas-cli/node_modules/.pnpm/@vitest+runner@2.1.9/node_modules/@vitest/runner/dist/index.js:953:10)\n    at runTest (file:///Users/marcin/Projects/veas/m9sh/apps/veas-cli/node_modules/.pnpm/@vitest+runner@2.1.9/node_modules/@vitest/runner/dist/index.js:1040:30)\n    at runSuite (file:///Users/marcin/Projects/veas/m9sh/apps/veas-cli/node_modules/.pnpm/@vitest+runner@2.1.9/node_modules/@vitest/runner/dist/index.js:1205:15)\n    at runSuite (file:///Users/marcin/Projects/veas/m9sh/apps/veas-cli/node_modules/.pnpm/@vitest+runner@2.1.9/node_modules/@vitest/runner/dist/index.js:1205:15)\n    at runSuite (file:///Users/marcin/Projects/veas/m9sh/apps/veas-cli/node_modules/.pnpm/@vitest+runner@2.1.9/node_modules/@vitest/runner/dist/index.js:1205:15)"],"meta":{}},{"ancestorTitles":["CacheManager","set"],"fullName":"CacheManager set should handle complex objects","status":"failed","title":"should handle complex objects","duration":0.26712499999996453,"failureMessages":["TypeError: __vi_import_0__.CacheManager.getInstance is not a function\n    at /Users/marcin/Projects/veas/m9sh/apps/veas-cli/src/cache/cache-manager.test.ts:28:33\n    at file:///Users/marcin/Projects/veas/m9sh/apps/veas-cli/node_modules/.pnpm/@vitest+runner@2.1.9/node_modules/@vitest/runner/dist/index.js:146:14\n    at runWithTimeout (file:///Users/marcin/Projects/veas/m9sh/apps/veas-cli/node_modules/.pnpm/@vitest+runner@2.1.9/node_modules/@vitest/runner/dist/index.js:39:7)\n    at callSuiteHook (file:///Users/marcin/Projects/veas/m9sh/apps/veas-cli/node_modules/.pnpm/@vitest+runner@2.1.9/node_modules/@vitest/runner/dist/index.js:964:28)\n    at processTicksAndRejections (node:internal/process/task_queues:105:5)\n    at callSuiteHook (file:///Users/marcin/Projects/veas/m9sh/apps/veas-cli/node_modules/.pnpm/@vitest+runner@2.1.9/node_modules/@vitest/runner/dist/index.js:953:10)\n    at runTest (file:///Users/marcin/Projects/veas/m9sh/apps/veas-cli/node_modules/.pnpm/@vitest+runner@2.1.9/node_modules/@vitest/runner/dist/index.js:1040:30)\n    at runSuite (file:///Users/marcin/Projects/veas/m9sh/apps/veas-cli/node_modules/.pnpm/@vitest+runner@2.1.9/node_modules/@vitest/runner/dist/index.js:1205:15)\n    at runSuite (file:///Users/marcin/Projects/veas/m9sh/apps/veas-cli/node_modules/.pnpm/@vitest+runner@2.1.9/node_modules/@vitest/runner/dist/index.js:1205:15)\n    at runSuite (file:///Users/marcin/Projects/veas/m9sh/apps/veas-cli/node_modules/.pnpm/@vitest+runner@2.1.9/node_modules/@vitest/runner/dist/index.js:1205:15)"],"meta":{}},{"ancestorTitles":["CacheManager","set"],"fullName":"CacheManager set should return false on cache error","status":"failed","title":"should return false on cache error","duration":0.25020799999998644,"failureMessages":["TypeError: __vi_import_0__.CacheManager.getInstance is not a function\n    at /Users/marcin/Projects/veas/m9sh/apps/veas-cli/src/cache/cache-manager.test.ts:28:33\n    at file:///Users/marcin/Projects/veas/m9sh/apps/veas-cli/node_modules/.pnpm/@vitest+runner@2.1.9/node_modules/@vitest/runner/dist/index.js:146:14\n    at runWithTimeout (file:///Users/marcin/Projects/veas/m9sh/apps/veas-cli/node_modules/.pnpm/@vitest+runner@2.1.9/node_modules/@vitest/runner/dist/index.js:39:7)\n    at callSuiteHook (file:///Users/marcin/Projects/veas/m9sh/apps/veas-cli/node_modules/.pnpm/@vitest+runner@2.1.9/node_modules/@vitest/runner/dist/index.js:964:28)\n    at processTicksAndRejections (node:internal/process/task_queues:105:5)\n    at callSuiteHook (file:///Users/marcin/Projects/veas/m9sh/apps/veas-cli/node_modules/.pnpm/@vitest+runner@2.1.9/node_modules/@vitest/runner/dist/index.js:953:10)\n    at runTest (file:///Users/marcin/Projects/veas/m9sh/apps/veas-cli/node_modules/.pnpm/@vitest+runner@2.1.9/node_modules/@vitest/runner/dist/index.js:1040:30)\n    at runSuite (file:///Users/marcin/Projects/veas/m9sh/apps/veas-cli/node_modules/.pnpm/@vitest+runner@2.1.9/node_modules/@vitest/runner/dist/index.js:1205:15)\n    at runSuite (file:///Users/marcin/Projects/veas/m9sh/apps/veas-cli/node_modules/.pnpm/@vitest+runner@2.1.9/node_modules/@vitest/runner/dist/index.js:1205:15)\n    at runSuite (file:///Users/marcin/Projects/veas/m9sh/apps/veas-cli/node_modules/.pnpm/@vitest+runner@2.1.9/node_modules/@vitest/runner/dist/index.js:1205:15)"],"meta":{}},{"ancestorTitles":["CacheManager","delete"],"fullName":"CacheManager delete should delete key from cache","status":"failed","title":"should delete key from cache","duration":0.25124999999997044,"failureMessages":["TypeError: __vi_import_0__.CacheManager.getInstance is not a function\n    at /Users/marcin/Projects/veas/m9sh/apps/veas-cli/src/cache/cache-manager.test.ts:28:33\n    at file:///Users/marcin/Projects/veas/m9sh/apps/veas-cli/node_modules/.pnpm/@vitest+runner@2.1.9/node_modules/@vitest/runner/dist/index.js:146:14\n    at runWithTimeout (file:///Users/marcin/Projects/veas/m9sh/apps/veas-cli/node_modules/.pnpm/@vitest+runner@2.1.9/node_modules/@vitest/runner/dist/index.js:39:7)\n    at callSuiteHook (file:///Users/marcin/Projects/veas/m9sh/apps/veas-cli/node_modules/.pnpm/@vitest+runner@2.1.9/node_modules/@vitest/runner/dist/index.js:964:28)\n    at processTicksAndRejections (node:internal/process/task_queues:105:5)\n    at callSuiteHook (file:///Users/marcin/Projects/veas/m9sh/apps/veas-cli/node_modules/.pnpm/@vitest+runner@2.1.9/node_modules/@vitest/runner/dist/index.js:953:10)\n    at runTest (file:///Users/marcin/Projects/veas/m9sh/apps/veas-cli/node_modules/.pnpm/@vitest+runner@2.1.9/node_modules/@vitest/runner/dist/index.js:1040:30)\n    at runSuite (file:///Users/marcin/Projects/veas/m9sh/apps/veas-cli/node_modules/.pnpm/@vitest+runner@2.1.9/node_modules/@vitest/runner/dist/index.js:1205:15)\n    at runSuite (file:///Users/marcin/Projects/veas/m9sh/apps/veas-cli/node_modules/.pnpm/@vitest+runner@2.1.9/node_modules/@vitest/runner/dist/index.js:1205:15)\n    at runSuite (file:///Users/marcin/Projects/veas/m9sh/apps/veas-cli/node_modules/.pnpm/@vitest+runner@2.1.9/node_modules/@vitest/runner/dist/index.js:1205:15)"],"meta":{}},{"ancestorTitles":["CacheManager","delete"],"fullName":"CacheManager delete should return 0 for non-existent key","status":"failed","title":"should return 0 for non-existent key","duration":0.26474999999999227,"failureMessages":["TypeError: __vi_import_0__.CacheManager.getInstance is not a function\n    at /Users/marcin/Projects/veas/m9sh/apps/veas-cli/src/cache/cache-manager.test.ts:28:33\n    at file:///Users/marcin/Projects/veas/m9sh/apps/veas-cli/node_modules/.pnpm/@vitest+runner@2.1.9/node_modules/@vitest/runner/dist/index.js:146:14\n    at runWithTimeout (file:///Users/marcin/Projects/veas/m9sh/apps/veas-cli/node_modules/.pnpm/@vitest+runner@2.1.9/node_modules/@vitest/runner/dist/index.js:39:7)\n    at callSuiteHook (file:///Users/marcin/Projects/veas/m9sh/apps/veas-cli/node_modules/.pnpm/@vitest+runner@2.1.9/node_modules/@vitest/runner/dist/index.js:964:28)\n    at processTicksAndRejections (node:internal/process/task_queues:105:5)\n    at callSuiteHook (file:///Users/marcin/Projects/veas/m9sh/apps/veas-cli/node_modules/.pnpm/@vitest+runner@2.1.9/node_modules/@vitest/runner/dist/index.js:953:10)\n    at runTest (file:///Users/marcin/Projects/veas/m9sh/apps/veas-cli/node_modules/.pnpm/@vitest+runner@2.1.9/node_modules/@vitest/runner/dist/index.js:1040:30)\n    at runSuite (file:///Users/marcin/Projects/veas/m9sh/apps/veas-cli/node_modules/.pnpm/@vitest+runner@2.1.9/node_modules/@vitest/runner/dist/index.js:1205:15)\n    at runSuite (file:///Users/marcin/Projects/veas/m9sh/apps/veas-cli/node_modules/.pnpm/@vitest+runner@2.1.9/node_modules/@vitest/runner/dist/index.js:1205:15)\n    at runSuite (file:///Users/marcin/Projects/veas/m9sh/apps/veas-cli/node_modules/.pnpm/@vitest+runner@2.1.9/node_modules/@vitest/runner/dist/index.js:1205:15)"],"meta":{}},{"ancestorTitles":["CacheManager","delete"],"fullName":"CacheManager delete should handle multiple key deletion","status":"failed","title":"should handle multiple key deletion","duration":1.487792000000013,"failureMessages":["TypeError: __vi_import_0__.CacheManager.getInstance is not a function\n    at /Users/marcin/Projects/veas/m9sh/apps/veas-cli/src/cache/cache-manager.test.ts:28:33\n    at file:///Users/marcin/Projects/veas/m9sh/apps/veas-cli/node_modules/.pnpm/@vitest+runner@2.1.9/node_modules/@vitest/runner/dist/index.js:146:14\n    at runWithTimeout (file:///Users/marcin/Projects/veas/m9sh/apps/veas-cli/node_modules/.pnpm/@vitest+runner@2.1.9/node_modules/@vitest/runner/dist/index.js:39:7)\n    at callSuiteHook (file:///Users/marcin/Projects/veas/m9sh/apps/veas-cli/node_modules/.pnpm/@vitest+runner@2.1.9/node_modules/@vitest/runner/dist/index.js:964:28)\n    at processTicksAndRejections (node:internal/process/task_queues:105:5)\n    at callSuiteHook (file:///Users/marcin/Projects/veas/m9sh/apps/veas-cli/node_modules/.pnpm/@vitest+runner@2.1.9/node_modules/@vitest/runner/dist/index.js:953:10)\n    at runTest (file:///Users/marcin/Projects/veas/m9sh/apps/veas-cli/node_modules/.pnpm/@vitest+runner@2.1.9/node_modules/@vitest/runner/dist/index.js:1040:30)\n    at runSuite (file:///Users/marcin/Projects/veas/m9sh/apps/veas-cli/node_modules/.pnpm/@vitest+runner@2.1.9/node_modules/@vitest/runner/dist/index.js:1205:15)\n    at runSuite (file:///Users/marcin/Projects/veas/m9sh/apps/veas-cli/node_modules/.pnpm/@vitest+runner@2.1.9/node_modules/@vitest/runner/dist/index.js:1205:15)\n    at runSuite (file:///Users/marcin/Projects/veas/m9sh/apps/veas-cli/node_modules/.pnpm/@vitest+runner@2.1.9/node_modules/@vitest/runner/dist/index.js:1205:15)"],"meta":{}},{"ancestorTitles":["CacheManager","clear"],"fullName":"CacheManager clear should clear all cache entries","status":"failed","title":"should clear all cache entries","duration":0.286707999999976,"failureMessages":["TypeError: __vi_import_0__.CacheManager.getInstance is not a function\n    at /Users/marcin/Projects/veas/m9sh/apps/veas-cli/src/cache/cache-manager.test.ts:28:33\n    at file:///Users/marcin/Projects/veas/m9sh/apps/veas-cli/node_modules/.pnpm/@vitest+runner@2.1.9/node_modules/@vitest/runner/dist/index.js:146:14\n    at runWithTimeout (file:///Users/marcin/Projects/veas/m9sh/apps/veas-cli/node_modules/.pnpm/@vitest+runner@2.1.9/node_modules/@vitest/runner/dist/index.js:39:7)\n    at callSuiteHook (file:///Users/marcin/Projects/veas/m9sh/apps/veas-cli/node_modules/.pnpm/@vitest+runner@2.1.9/node_modules/@vitest/runner/dist/index.js:964:28)\n    at processTicksAndRejections (node:internal/process/task_queues:105:5)\n    at callSuiteHook (file:///Users/marcin/Projects/veas/m9sh/apps/veas-cli/node_modules/.pnpm/@vitest+runner@2.1.9/node_modules/@vitest/runner/dist/index.js:953:10)\n    at runTest (file:///Users/marcin/Projects/veas/m9sh/apps/veas-cli/node_modules/.pnpm/@vitest+runner@2.1.9/node_modules/@vitest/runner/dist/index.js:1040:30)\n    at runSuite (file:///Users/marcin/Projects/veas/m9sh/apps/veas-cli/node_modules/.pnpm/@vitest+runner@2.1.9/node_modules/@vitest/runner/dist/index.js:1205:15)\n    at runSuite (file:///Users/marcin/Projects/veas/m9sh/apps/veas-cli/node_modules/.pnpm/@vitest+runner@2.1.9/node_modules/@vitest/runner/dist/index.js:1205:15)\n    at runSuite (file:///Users/marcin/Projects/veas/m9sh/apps/veas-cli/node_modules/.pnpm/@vitest+runner@2.1.9/node_modules/@vitest/runner/dist/index.js:1205:15)"],"meta":{}},{"ancestorTitles":["CacheManager","has"],"fullName":"CacheManager has should check if key exists","status":"failed","title":"should check if key exists","duration":0.26420799999999645,"failureMessages":["TypeError: __vi_import_0__.CacheManager.getInstance is not a function\n    at /Users/marcin/Projects/veas/m9sh/apps/veas-cli/src/cache/cache-manager.test.ts:28:33\n    at file:///Users/marcin/Projects/veas/m9sh/apps/veas-cli/node_modules/.pnpm/@vitest+runner@2.1.9/node_modules/@vitest/runner/dist/index.js:146:14\n    at runWithTimeout (file:///Users/marcin/Projects/veas/m9sh/apps/veas-cli/node_modules/.pnpm/@vitest+runner@2.1.9/node_modules/@vitest/runner/dist/index.js:39:7)\n    at callSuiteHook (file:///Users/marcin/Projects/veas/m9sh/apps/veas-cli/node_modules/.pnpm/@vitest+runner@2.1.9/node_modules/@vitest/runner/dist/index.js:964:28)\n    at processTicksAndRejections (node:internal/process/task_queues:105:5)\n    at callSuiteHook (file:///Users/marcin/Projects/veas/m9sh/apps/veas-cli/node_modules/.pnpm/@vitest+runner@2.1.9/node_modules/@vitest/runner/dist/index.js:953:10)\n    at runTest (file:///Users/marcin/Projects/veas/m9sh/apps/veas-cli/node_modules/.pnpm/@vitest+runner@2.1.9/node_modules/@vitest/runner/dist/index.js:1040:30)\n    at runSuite (file:///Users/marcin/Projects/veas/m9sh/apps/veas-cli/node_modules/.pnpm/@vitest+runner@2.1.9/node_modules/@vitest/runner/dist/index.js:1205:15)\n    at runSuite (file:///Users/marcin/Projects/veas/m9sh/apps/veas-cli/node_modules/.pnpm/@vitest+runner@2.1.9/node_modules/@vitest/runner/dist/index.js:1205:15)\n    at runSuite (file:///Users/marcin/Projects/veas/m9sh/apps/veas-cli/node_modules/.pnpm/@vitest+runner@2.1.9/node_modules/@vitest/runner/dist/index.js:1205:15)"],"meta":{}},{"ancestorTitles":["CacheManager","has"],"fullName":"CacheManager has should return false for non-existent key","status":"failed","title":"should return false for non-existent key","duration":0.26949999999999363,"failureMessages":["TypeError: __vi_import_0__.CacheManager.getInstance is not a function\n    at /Users/marcin/Projects/veas/m9sh/apps/veas-cli/src/cache/cache-manager.test.ts:28:33\n    at file:///Users/marcin/Projects/veas/m9sh/apps/veas-cli/node_modules/.pnpm/@vitest+runner@2.1.9/node_modules/@vitest/runner/dist/index.js:146:14\n    at runWithTimeout (file:///Users/marcin/Projects/veas/m9sh/apps/veas-cli/node_modules/.pnpm/@vitest+runner@2.1.9/node_modules/@vitest/runner/dist/index.js:39:7)\n    at callSuiteHook (file:///Users/marcin/Projects/veas/m9sh/apps/veas-cli/node_modules/.pnpm/@vitest+runner@2.1.9/node_modules/@vitest/runner/dist/index.js:964:28)\n    at processTicksAndRejections (node:internal/process/task_queues:105:5)\n    at callSuiteHook (file:///Users/marcin/Projects/veas/m9sh/apps/veas-cli/node_modules/.pnpm/@vitest+runner@2.1.9/node_modules/@vitest/runner/dist/index.js:953:10)\n    at runTest (file:///Users/marcin/Projects/veas/m9sh/apps/veas-cli/node_modules/.pnpm/@vitest+runner@2.1.9/node_modules/@vitest/runner/dist/index.js:1040:30)\n    at runSuite (file:///Users/marcin/Projects/veas/m9sh/apps/veas-cli/node_modules/.pnpm/@vitest+runner@2.1.9/node_modules/@vitest/runner/dist/index.js:1205:15)\n    at runSuite (file:///Users/marcin/Projects/veas/m9sh/apps/veas-cli/node_modules/.pnpm/@vitest+runner@2.1.9/node_modules/@vitest/runner/dist/index.js:1205:15)\n    at runSuite (file:///Users/marcin/Projects/veas/m9sh/apps/veas-cli/node_modules/.pnpm/@vitest+runner@2.1.9/node_modules/@vitest/runner/dist/index.js:1205:15)"],"meta":{}},{"ancestorTitles":["CacheManager","keys"],"fullName":"CacheManager keys should return all cache keys","status":"failed","title":"should return all cache keys","duration":0.2867080000000328,"failureMessages":["TypeError: __vi_import_0__.CacheManager.getInstance is not a function\n    at /Users/marcin/Projects/veas/m9sh/apps/veas-cli/src/cache/cache-manager.test.ts:28:33\n    at file:///Users/marcin/Projects/veas/m9sh/apps/veas-cli/node_modules/.pnpm/@vitest+runner@2.1.9/node_modules/@vitest/runner/dist/index.js:146:14\n    at runWithTimeout (file:///Users/marcin/Projects/veas/m9sh/apps/veas-cli/node_modules/.pnpm/@vitest+runner@2.1.9/node_modules/@vitest/runner/dist/index.js:39:7)\n    at callSuiteHook (file:///Users/marcin/Projects/veas/m9sh/apps/veas-cli/node_modules/.pnpm/@vitest+runner@2.1.9/node_modules/@vitest/runner/dist/index.js:964:28)\n    at processTicksAndRejections (node:internal/process/task_queues:105:5)\n    at callSuiteHook (file:///Users/marcin/Projects/veas/m9sh/apps/veas-cli/node_modules/.pnpm/@vitest+runner@2.1.9/node_modules/@vitest/runner/dist/index.js:953:10)\n    at runTest (file:///Users/marcin/Projects/veas/m9sh/apps/veas-cli/node_modules/.pnpm/@vitest+runner@2.1.9/node_modules/@vitest/runner/dist/index.js:1040:30)\n    at runSuite (file:///Users/marcin/Projects/veas/m9sh/apps/veas-cli/node_modules/.pnpm/@vitest+runner@2.1.9/node_modules/@vitest/runner/dist/index.js:1205:15)\n    at runSuite (file:///Users/marcin/Projects/veas/m9sh/apps/veas-cli/node_modules/.pnpm/@vitest+runner@2.1.9/node_modules/@vitest/runner/dist/index.js:1205:15)\n    at runSuite (file:///Users/marcin/Projects/veas/m9sh/apps/veas-cli/node_modules/.pnpm/@vitest+runner@2.1.9/node_modules/@vitest/runner/dist/index.js:1205:15)"],"meta":{}},{"ancestorTitles":["CacheManager","keys"],"fullName":"CacheManager keys should return empty array when cache is empty","status":"failed","title":"should return empty array when cache is empty","duration":0.2680000000000291,"failureMessages":["TypeError: __vi_import_0__.CacheManager.getInstance is not a function\n    at /Users/marcin/Projects/veas/m9sh/apps/veas-cli/src/cache/cache-manager.test.ts:28:33\n    at file:///Users/marcin/Projects/veas/m9sh/apps/veas-cli/node_modules/.pnpm/@vitest+runner@2.1.9/node_modules/@vitest/runner/dist/index.js:146:14\n    at runWithTimeout (file:///Users/marcin/Projects/veas/m9sh/apps/veas-cli/node_modules/.pnpm/@vitest+runner@2.1.9/node_modules/@vitest/runner/dist/index.js:39:7)\n    at callSuiteHook (file:///Users/marcin/Projects/veas/m9sh/apps/veas-cli/node_modules/.pnpm/@vitest+runner@2.1.9/node_modules/@vitest/runner/dist/index.js:964:28)\n    at processTicksAndRejections (node:internal/process/task_queues:105:5)\n    at callSuiteHook (file:///Users/marcin/Projects/veas/m9sh/apps/veas-cli/node_modules/.pnpm/@vitest+runner@2.1.9/node_modules/@vitest/runner/dist/index.js:953:10)\n    at runTest (file:///Users/marcin/Projects/veas/m9sh/apps/veas-cli/node_modules/.pnpm/@vitest+runner@2.1.9/node_modules/@vitest/runner/dist/index.js:1040:30)\n    at runSuite (file:///Users/marcin/Projects/veas/m9sh/apps/veas-cli/node_modules/.pnpm/@vitest+runner@2.1.9/node_modules/@vitest/runner/dist/index.js:1205:15)\n    at runSuite (file:///Users/marcin/Projects/veas/m9sh/apps/veas-cli/node_modules/.pnpm/@vitest+runner@2.1.9/node_modules/@vitest/runner/dist/index.js:1205:15)\n    at runSuite (file:///Users/marcin/Projects/veas/m9sh/apps/veas-cli/node_modules/.pnpm/@vitest+runner@2.1.9/node_modules/@vitest/runner/dist/index.js:1205:15)"],"meta":{}},{"ancestorTitles":["CacheManager","getTtl"],"fullName":"CacheManager getTtl should get TTL for key","status":"failed","title":"should get TTL for key","duration":0.30091700000002675,"failureMessages":["TypeError: __vi_import_0__.CacheManager.getInstance is not a function\n    at /Users/marcin/Projects/veas/m9sh/apps/veas-cli/src/cache/cache-manager.test.ts:28:33\n    at file:///Users/marcin/Projects/veas/m9sh/apps/veas-cli/node_modules/.pnpm/@vitest+runner@2.1.9/node_modules/@vitest/runner/dist/index.js:146:14\n    at runWithTimeout (file:///Users/marcin/Projects/veas/m9sh/apps/veas-cli/node_modules/.pnpm/@vitest+runner@2.1.9/node_modules/@vitest/runner/dist/index.js:39:7)\n    at callSuiteHook (file:///Users/marcin/Projects/veas/m9sh/apps/veas-cli/node_modules/.pnpm/@vitest+runner@2.1.9/node_modules/@vitest/runner/dist/index.js:964:28)\n    at processTicksAndRejections (node:internal/process/task_queues:105:5)\n    at callSuiteHook (file:///Users/marcin/Projects/veas/m9sh/apps/veas-cli/node_modules/.pnpm/@vitest+runner@2.1.9/node_modules/@vitest/runner/dist/index.js:953:10)\n    at runTest (file:///Users/marcin/Projects/veas/m9sh/apps/veas-cli/node_modules/.pnpm/@vitest+runner@2.1.9/node_modules/@vitest/runner/dist/index.js:1040:30)\n    at runSuite (file:///Users/marcin/Projects/veas/m9sh/apps/veas-cli/node_modules/.pnpm/@vitest+runner@2.1.9/node_modules/@vitest/runner/dist/index.js:1205:15)\n    at runSuite (file:///Users/marcin/Projects/veas/m9sh/apps/veas-cli/node_modules/.pnpm/@vitest+runner@2.1.9/node_modules/@vitest/runner/dist/index.js:1205:15)\n    at runSuite (file:///Users/marcin/Projects/veas/m9sh/apps/veas-cli/node_modules/.pnpm/@vitest+runner@2.1.9/node_modules/@vitest/runner/dist/index.js:1205:15)"],"meta":{}},{"ancestorTitles":["CacheManager","getTtl"],"fullName":"CacheManager getTtl should return undefined for non-existent key","status":"failed","title":"should return undefined for non-existent key","duration":0.2691250000000309,"failureMessages":["TypeError: __vi_import_0__.CacheManager.getInstance is not a function\n    at /Users/marcin/Projects/veas/m9sh/apps/veas-cli/src/cache/cache-manager.test.ts:28:33\n    at file:///Users/marcin/Projects/veas/m9sh/apps/veas-cli/node_modules/.pnpm/@vitest+runner@2.1.9/node_modules/@vitest/runner/dist/index.js:146:14\n    at runWithTimeout (file:///Users/marcin/Projects/veas/m9sh/apps/veas-cli/node_modules/.pnpm/@vitest+runner@2.1.9/node_modules/@vitest/runner/dist/index.js:39:7)\n    at callSuiteHook (file:///Users/marcin/Projects/veas/m9sh/apps/veas-cli/node_modules/.pnpm/@vitest+runner@2.1.9/node_modules/@vitest/runner/dist/index.js:964:28)\n    at processTicksAndRejections (node:internal/process/task_queues:105:5)\n    at callSuiteHook (file:///Users/marcin/Projects/veas/m9sh/apps/veas-cli/node_modules/.pnpm/@vitest+runner@2.1.9/node_modules/@vitest/runner/dist/index.js:953:10)\n    at runTest (file:///Users/marcin/Projects/veas/m9sh/apps/veas-cli/node_modules/.pnpm/@vitest+runner@2.1.9/node_modules/@vitest/runner/dist/index.js:1040:30)\n    at runSuite (file:///Users/marcin/Projects/veas/m9sh/apps/veas-cli/node_modules/.pnpm/@vitest+runner@2.1.9/node_modules/@vitest/runner/dist/index.js:1205:15)\n    at runSuite (file:///Users/marcin/Projects/veas/m9sh/apps/veas-cli/node_modules/.pnpm/@vitest+runner@2.1.9/node_modules/@vitest/runner/dist/index.js:1205:15)\n    at runSuite (file:///Users/marcin/Projects/veas/m9sh/apps/veas-cli/node_modules/.pnpm/@vitest+runner@2.1.9/node_modules/@vitest/runner/dist/index.js:1205:15)"],"meta":{}},{"ancestorTitles":["CacheManager","setTtl"],"fullName":"CacheManager setTtl should update TTL for key","status":"failed","title":"should update TTL for key","duration":0.28104200000001356,"failureMessages":["TypeError: __vi_import_0__.CacheManager.getInstance is not a function\n    at /Users/marcin/Projects/veas/m9sh/apps/veas-cli/src/cache/cache-manager.test.ts:28:33\n    at file:///Users/marcin/Projects/veas/m9sh/apps/veas-cli/node_modules/.pnpm/@vitest+runner@2.1.9/node_modules/@vitest/runner/dist/index.js:146:14\n    at runWithTimeout (file:///Users/marcin/Projects/veas/m9sh/apps/veas-cli/node_modules/.pnpm/@vitest+runner@2.1.9/node_modules/@vitest/runner/dist/index.js:39:7)\n    at callSuiteHook (file:///Users/marcin/Projects/veas/m9sh/apps/veas-cli/node_modules/.pnpm/@vitest+runner@2.1.9/node_modules/@vitest/runner/dist/index.js:964:28)\n    at processTicksAndRejections (node:internal/process/task_queues:105:5)\n    at callSuiteHook (file:///Users/marcin/Projects/veas/m9sh/apps/veas-cli/node_modules/.pnpm/@vitest+runner@2.1.9/node_modules/@vitest/runner/dist/index.js:953:10)\n    at runTest (file:///Users/marcin/Projects/veas/m9sh/apps/veas-cli/node_modules/.pnpm/@vitest+runner@2.1.9/node_modules/@vitest/runner/dist/index.js:1040:30)\n    at runSuite (file:///Users/marcin/Projects/veas/m9sh/apps/veas-cli/node_modules/.pnpm/@vitest+runner@2.1.9/node_modules/@vitest/runner/dist/index.js:1205:15)\n    at runSuite (file:///Users/marcin/Projects/veas/m9sh/apps/veas-cli/node_modules/.pnpm/@vitest+runner@2.1.9/node_modules/@vitest/runner/dist/index.js:1205:15)\n    at runSuite (file:///Users/marcin/Projects/veas/m9sh/apps/veas-cli/node_modules/.pnpm/@vitest+runner@2.1.9/node_modules/@vitest/runner/dist/index.js:1205:15)"],"meta":{}},{"ancestorTitles":["CacheManager","setTtl"],"fullName":"CacheManager setTtl should return false for non-existent key","status":"failed","title":"should return false for non-existent key","duration":2.9825409999999692,"failureMessages":["TypeError: __vi_import_0__.CacheManager.getInstance is not a function\n    at /Users/marcin/Projects/veas/m9sh/apps/veas-cli/src/cache/cache-manager.test.ts:28:33\n    at file:///Users/marcin/Projects/veas/m9sh/apps/veas-cli/node_modules/.pnpm/@vitest+runner@2.1.9/node_modules/@vitest/runner/dist/index.js:146:14\n    at runWithTimeout (file:///Users/marcin/Projects/veas/m9sh/apps/veas-cli/node_modules/.pnpm/@vitest+runner@2.1.9/node_modules/@vitest/runner/dist/index.js:39:7)\n    at callSuiteHook (file:///Users/marcin/Projects/veas/m9sh/apps/veas-cli/node_modules/.pnpm/@vitest+runner@2.1.9/node_modules/@vitest/runner/dist/index.js:964:28)\n    at processTicksAndRejections (node:internal/process/task_queues:105:5)\n    at callSuiteHook (file:///Users/marcin/Projects/veas/m9sh/apps/veas-cli/node_modules/.pnpm/@vitest+runner@2.1.9/node_modules/@vitest/runner/dist/index.js:953:10)\n    at runTest (file:///Users/marcin/Projects/veas/m9sh/apps/veas-cli/node_modules/.pnpm/@vitest+runner@2.1.9/node_modules/@vitest/runner/dist/index.js:1040:30)\n    at runSuite (file:///Users/marcin/Projects/veas/m9sh/apps/veas-cli/node_modules/.pnpm/@vitest+runner@2.1.9/node_modules/@vitest/runner/dist/index.js:1205:15)\n    at runSuite (file:///Users/marcin/Projects/veas/m9sh/apps/veas-cli/node_modules/.pnpm/@vitest+runner@2.1.9/node_modules/@vitest/runner/dist/index.js:1205:15)\n    at runSuite (file:///Users/marcin/Projects/veas/m9sh/apps/veas-cli/node_modules/.pnpm/@vitest+runner@2.1.9/node_modules/@vitest/runner/dist/index.js:1205:15)"],"meta":{}},{"ancestorTitles":["CacheManager","close"],"fullName":"CacheManager close should close cache connection","status":"failed","title":"should close cache connection","duration":0.37341700000001765,"failureMessages":["TypeError: __vi_import_0__.CacheManager.getInstance is not a function\n    at /Users/marcin/Projects/veas/m9sh/apps/veas-cli/src/cache/cache-manager.test.ts:28:33\n    at file:///Users/marcin/Projects/veas/m9sh/apps/veas-cli/node_modules/.pnpm/@vitest+runner@2.1.9/node_modules/@vitest/runner/dist/index.js:146:14\n    at runWithTimeout (file:///Users/marcin/Projects/veas/m9sh/apps/veas-cli/node_modules/.pnpm/@vitest+runner@2.1.9/node_modules/@vitest/runner/dist/index.js:39:7)\n    at callSuiteHook (file:///Users/marcin/Projects/veas/m9sh/apps/veas-cli/node_modules/.pnpm/@vitest+runner@2.1.9/node_modules/@vitest/runner/dist/index.js:964:28)\n    at processTicksAndRejections (node:internal/process/task_queues:105:5)\n    at callSuiteHook (file:///Users/marcin/Projects/veas/m9sh/apps/veas-cli/node_modules/.pnpm/@vitest+runner@2.1.9/node_modules/@vitest/runner/dist/index.js:953:10)\n    at runTest (file:///Users/marcin/Projects/veas/m9sh/apps/veas-cli/node_modules/.pnpm/@vitest+runner@2.1.9/node_modules/@vitest/runner/dist/index.js:1040:30)\n    at runSuite (file:///Users/marcin/Projects/veas/m9sh/apps/veas-cli/node_modules/.pnpm/@vitest+runner@2.1.9/node_modules/@vitest/runner/dist/index.js:1205:15)\n    at runSuite (file:///Users/marcin/Projects/veas/m9sh/apps/veas-cli/node_modules/.pnpm/@vitest+runner@2.1.9/node_modules/@vitest/runner/dist/index.js:1205:15)\n    at runSuite (file:///Users/marcin/Projects/veas/m9sh/apps/veas-cli/node_modules/.pnpm/@vitest+runner@2.1.9/node_modules/@vitest/runner/dist/index.js:1205:15)"],"meta":{}},{"ancestorTitles":["CacheManager","getStats"],"fullName":"CacheManager getStats should return cache statistics","status":"failed","title":"should return cache statistics","duration":0.29137500000001637,"failureMessages":["TypeError: __vi_import_0__.CacheManager.getInstance is not a function\n    at /Users/marcin/Projects/veas/m9sh/apps/veas-cli/src/cache/cache-manager.test.ts:28:33\n    at file:///Users/marcin/Projects/veas/m9sh/apps/veas-cli/node_modules/.pnpm/@vitest+runner@2.1.9/node_modules/@vitest/runner/dist/index.js:146:14\n    at runWithTimeout (file:///Users/marcin/Projects/veas/m9sh/apps/veas-cli/node_modules/.pnpm/@vitest+runner@2.1.9/node_modules/@vitest/runner/dist/index.js:39:7)\n    at callSuiteHook (file:///Users/marcin/Projects/veas/m9sh/apps/veas-cli/node_modules/.pnpm/@vitest+runner@2.1.9/node_modules/@vitest/runner/dist/index.js:964:28)\n    at processTicksAndRejections (node:internal/process/task_queues:105:5)\n    at callSuiteHook (file:///Users/marcin/Projects/veas/m9sh/apps/veas-cli/node_modules/.pnpm/@vitest+runner@2.1.9/node_modules/@vitest/runner/dist/index.js:953:10)\n    at runTest (file:///Users/marcin/Projects/veas/m9sh/apps/veas-cli/node_modules/.pnpm/@vitest+runner@2.1.9/node_modules/@vitest/runner/dist/index.js:1040:30)\n    at runSuite (file:///Users/marcin/Projects/veas/m9sh/apps/veas-cli/node_modules/.pnpm/@vitest+runner@2.1.9/node_modules/@vitest/runner/dist/index.js:1205:15)\n    at runSuite (file:///Users/marcin/Projects/veas/m9sh/apps/veas-cli/node_modules/.pnpm/@vitest+runner@2.1.9/node_modules/@vitest/runner/dist/index.js:1205:15)\n    at runSuite (file:///Users/marcin/Projects/veas/m9sh/apps/veas-cli/node_modules/.pnpm/@vitest+runner@2.1.9/node_modules/@vitest/runner/dist/index.js:1205:15)"],"meta":{}},{"ancestorTitles":["CacheManager","integration scenarios"],"fullName":"CacheManager integration scenarios should handle caching workflow","status":"failed","title":"should handle caching workflow","duration":0.26337499999999636,"failureMessages":["TypeError: __vi_import_0__.CacheManager.getInstance is not a function\n    at /Users/marcin/Projects/veas/m9sh/apps/veas-cli/src/cache/cache-manager.test.ts:28:33\n    at file:///Users/marcin/Projects/veas/m9sh/apps/veas-cli/node_modules/.pnpm/@vitest+runner@2.1.9/node_modules/@vitest/runner/dist/index.js:146:14\n    at runWithTimeout (file:///Users/marcin/Projects/veas/m9sh/apps/veas-cli/node_modules/.pnpm/@vitest+runner@2.1.9/node_modules/@vitest/runner/dist/index.js:39:7)\n    at callSuiteHook (file:///Users/marcin/Projects/veas/m9sh/apps/veas-cli/node_modules/.pnpm/@vitest+runner@2.1.9/node_modules/@vitest/runner/dist/index.js:964:28)\n    at processTicksAndRejections (node:internal/process/task_queues:105:5)\n    at callSuiteHook (file:///Users/marcin/Projects/veas/m9sh/apps/veas-cli/node_modules/.pnpm/@vitest+runner@2.1.9/node_modules/@vitest/runner/dist/index.js:953:10)\n    at runTest (file:///Users/marcin/Projects/veas/m9sh/apps/veas-cli/node_modules/.pnpm/@vitest+runner@2.1.9/node_modules/@vitest/runner/dist/index.js:1040:30)\n    at runSuite (file:///Users/marcin/Projects/veas/m9sh/apps/veas-cli/node_modules/.pnpm/@vitest+runner@2.1.9/node_modules/@vitest/runner/dist/index.js:1205:15)\n    at runSuite (file:///Users/marcin/Projects/veas/m9sh/apps/veas-cli/node_modules/.pnpm/@vitest+runner@2.1.9/node_modules/@vitest/runner/dist/index.js:1205:15)\n    at runSuite (file:///Users/marcin/Projects/veas/m9sh/apps/veas-cli/node_modules/.pnpm/@vitest+runner@2.1.9/node_modules/@vitest/runner/dist/index.js:1205:15)"],"meta":{}},{"ancestorTitles":["CacheManager","integration scenarios"],"fullName":"CacheManager integration scenarios should handle cache miss and fetch pattern","status":"failed","title":"should handle cache miss and fetch pattern","duration":0.2550420000000031,"failureMessages":["TypeError: __vi_import_0__.CacheManager.getInstance is not a function\n    at /Users/marcin/Projects/veas/m9sh/apps/veas-cli/src/cache/cache-manager.test.ts:28:33\n    at file:///Users/marcin/Projects/veas/m9sh/apps/veas-cli/node_modules/.pnpm/@vitest+runner@2.1.9/node_modules/@vitest/runner/dist/index.js:146:14\n    at runWithTimeout (file:///Users/marcin/Projects/veas/m9sh/apps/veas-cli/node_modules/.pnpm/@vitest+runner@2.1.9/node_modules/@vitest/runner/dist/index.js:39:7)\n    at callSuiteHook (file:///Users/marcin/Projects/veas/m9sh/apps/veas-cli/node_modules/.pnpm/@vitest+runner@2.1.9/node_modules/@vitest/runner/dist/index.js:964:28)\n    at processTicksAndRejections (node:internal/process/task_queues:105:5)\n    at callSuiteHook (file:///Users/marcin/Projects/veas/m9sh/apps/veas-cli/node_modules/.pnpm/@vitest+runner@2.1.9/node_modules/@vitest/runner/dist/index.js:953:10)\n    at runTest (file:///Users/marcin/Projects/veas/m9sh/apps/veas-cli/node_modules/.pnpm/@vitest+runner@2.1.9/node_modules/@vitest/runner/dist/index.js:1040:30)\n    at runSuite (file:///Users/marcin/Projects/veas/m9sh/apps/veas-cli/node_modules/.pnpm/@vitest+runner@2.1.9/node_modules/@vitest/runner/dist/index.js:1205:15)\n    at runSuite (file:///Users/marcin/Projects/veas/m9sh/apps/veas-cli/node_modules/.pnpm/@vitest+runner@2.1.9/node_modules/@vitest/runner/dist/index.js:1205:15)\n    at runSuite (file:///Users/marcin/Projects/veas/m9sh/apps/veas-cli/node_modules/.pnpm/@vitest+runner@2.1.9/node_modules/@vitest/runner/dist/index.js:1205:15)"],"meta":{}}],"startTime":1755048338763,"endTime":1755048338780.2913,"status":"failed","message":"","name":"/Users/marcin/Projects/veas/m9sh/apps/veas-cli/src/cache/cache-manager.test.ts"},{"assertionResults":[{"ancestorTitles":["Auth Commands","login"],"fullName":"Auth Commands login should successfully login with valid credentials","status":"passed","title":"should successfully login with valid credentials","duration":3.27800000000002,"failureMessages":[],"meta":{}},{"ancestorTitles":["Auth Commands","login"],"fullName":"Auth Commands login should validate email input","status":"passed","title":"should validate email input","duration":0.45683300000001736,"failureMessages":[],"meta":{}},{"ancestorTitles":["Auth Commands","login"],"fullName":"Auth Commands login should validate password input","status":"passed","title":"should validate password input","duration":0.3342079999999896,"failureMessages":[],"meta":{}},{"ancestorTitles":["Auth Commands","login"],"fullName":"Auth Commands login should handle cancelled email input","status":"passed","title":"should handle cancelled email input","duration":1.1455420000000345,"failureMessages":[],"meta":{}},{"ancestorTitles":["Auth Commands","login"],"fullName":"Auth Commands login should handle cancelled password input","status":"passed","title":"should handle cancelled password input","duration":0.49954200000001947,"failureMessages":[],"meta":{}},{"ancestorTitles":["Auth Commands","login"],"fullName":"Auth Commands login should handle login failure","status":"passed","title":"should handle login failure","duration":0.45187500000002956,"failureMessages":[],"meta":{}},{"ancestorTitles":["Auth Commands","logout"],"fullName":"Auth Commands logout should successfully logout","status":"passed","title":"should successfully logout","duration":0.42558400000001484,"failureMessages":[],"meta":{}},{"ancestorTitles":["Auth Commands","logout"],"fullName":"Auth Commands logout should handle logout failure","status":"passed","title":"should handle logout failure","duration":0.6481249999999932,"failureMessages":[],"meta":{}},{"ancestorTitles":["Auth Commands","status"],"fullName":"Auth Commands status should show logged in status with user info","status":"failed","title":"should show logged in status with user info","duration":4.373917000000006,"failureMessages":["Error: process.exit called\n    at process.<anonymous> (/Users/marcin/Projects/veas/m9sh/apps/veas-cli/src/commands/auth.test.ts:25:13)\n    at process.mockCall (file:///Users/marcin/Projects/veas/m9sh/apps/veas-cli/node_modules/.pnpm/@vitest+spy@2.1.9/node_modules/@vitest/spy/dist/index.js:61:17)\n    at process.spy [as exit] (file:///Users/marcin/Projects/veas/m9sh/apps/veas-cli/node_modules/.pnpm/tinyspy@3.0.2/node_modules/tinyspy/dist/index.js:45:80)\n    at Module.status (/Users/marcin/Projects/veas/m9sh/apps/veas-cli/src/commands/auth.ts:239:13)\n    at /Users/marcin/Projects/veas/m9sh/apps/veas-cli/src/commands/auth.test.ts:203:13\n    at file:///Users/marcin/Projects/veas/m9sh/apps/veas-cli/node_modules/.pnpm/@vitest+runner@2.1.9/node_modules/@vitest/runner/dist/index.js:146:14\n    at file:///Users/marcin/Projects/veas/m9sh/apps/veas-cli/node_modules/.pnpm/@vitest+runner@2.1.9/node_modules/@vitest/runner/dist/index.js:533:11\n    at runWithTimeout (file:///Users/marcin/Projects/veas/m9sh/apps/veas-cli/node_modules/.pnpm/@vitest+runner@2.1.9/node_modules/@vitest/runner/dist/index.js:39:7)\n    at runTest (file:///Users/marcin/Projects/veas/m9sh/apps/veas-cli/node_modules/.pnpm/@vitest+runner@2.1.9/node_modules/@vitest/runner/dist/index.js:1056:17)\n    at processTicksAndRejections (node:internal/process/task_queues:105:5)"],"meta":{}},{"ancestorTitles":["Auth Commands","status"],"fullName":"Auth Commands status should show not logged in status","status":"failed","title":"should show not logged in status","duration":0.49533300000001645,"failureMessages":["Error: process.exit called\n    at process.<anonymous> (/Users/marcin/Projects/veas/m9sh/apps/veas-cli/src/commands/auth.test.ts:25:13)\n    at process.mockCall (file:///Users/marcin/Projects/veas/m9sh/apps/veas-cli/node_modules/.pnpm/@vitest+spy@2.1.9/node_modules/@vitest/spy/dist/index.js:61:17)\n    at process.spy [as exit] (file:///Users/marcin/Projects/veas/m9sh/apps/veas-cli/node_modules/.pnpm/tinyspy@3.0.2/node_modules/tinyspy/dist/index.js:45:80)\n    at Module.status (/Users/marcin/Projects/veas/m9sh/apps/veas-cli/src/commands/auth.ts:239:13)\n    at /Users/marcin/Projects/veas/m9sh/apps/veas-cli/src/commands/auth.test.ts:219:13\n    at file:///Users/marcin/Projects/veas/m9sh/apps/veas-cli/node_modules/.pnpm/@vitest+runner@2.1.9/node_modules/@vitest/runner/dist/index.js:146:14\n    at file:///Users/marcin/Projects/veas/m9sh/apps/veas-cli/node_modules/.pnpm/@vitest+runner@2.1.9/node_modules/@vitest/runner/dist/index.js:533:11\n    at runWithTimeout (file:///Users/marcin/Projects/veas/m9sh/apps/veas-cli/node_modules/.pnpm/@vitest+runner@2.1.9/node_modules/@vitest/runner/dist/index.js:39:7)\n    at runTest (file:///Users/marcin/Projects/veas/m9sh/apps/veas-cli/node_modules/.pnpm/@vitest+runner@2.1.9/node_modules/@vitest/runner/dist/index.js:1056:17)\n    at processTicksAndRejections (node:internal/process/task_queues:105:5)"],"meta":{}},{"ancestorTitles":["Auth Commands","status"],"fullName":"Auth Commands status should handle credentials without user ID","status":"failed","title":"should handle credentials without user ID","duration":0.5160830000000374,"failureMessages":["Error: process.exit called\n    at process.<anonymous> (/Users/marcin/Projects/veas/m9sh/apps/veas-cli/src/commands/auth.test.ts:25:13)\n    at process.mockCall (file:///Users/marcin/Projects/veas/m9sh/apps/veas-cli/node_modules/.pnpm/@vitest+spy@2.1.9/node_modules/@vitest/spy/dist/index.js:61:17)\n    at process.spy [as exit] (file:///Users/marcin/Projects/veas/m9sh/apps/veas-cli/node_modules/.pnpm/tinyspy@3.0.2/node_modules/tinyspy/dist/index.js:45:80)\n    at Module.status (/Users/marcin/Projects/veas/m9sh/apps/veas-cli/src/commands/auth.ts:239:13)\n    at /Users/marcin/Projects/veas/m9sh/apps/veas-cli/src/commands/auth.test.ts:236:13\n    at file:///Users/marcin/Projects/veas/m9sh/apps/veas-cli/node_modules/.pnpm/@vitest+runner@2.1.9/node_modules/@vitest/runner/dist/index.js:146:14\n    at file:///Users/marcin/Projects/veas/m9sh/apps/veas-cli/node_modules/.pnpm/@vitest+runner@2.1.9/node_modules/@vitest/runner/dist/index.js:533:11\n    at runWithTimeout (file:///Users/marcin/Projects/veas/m9sh/apps/veas-cli/node_modules/.pnpm/@vitest+runner@2.1.9/node_modules/@vitest/runner/dist/index.js:39:7)\n    at runTest (file:///Users/marcin/Projects/veas/m9sh/apps/veas-cli/node_modules/.pnpm/@vitest+runner@2.1.9/node_modules/@vitest/runner/dist/index.js:1056:17)\n    at processTicksAndRejections (node:internal/process/task_queues:105:5)"],"meta":{}},{"ancestorTitles":["Auth Commands","status"],"fullName":"Auth Commands status should handle status check errors","status":"passed","title":"should handle status check errors","duration":0.4831249999999727,"failureMessages":[],"meta":{}}],"startTime":1755048338820,"endTime":1755048338833.4832,"status":"failed","message":"","name":"/Users/marcin/Projects/veas/m9sh/apps/veas-cli/src/commands/auth.test.ts"},{"assertionResults":[{"ancestorTitles":["DocsSync Command","docsSync"],"fullName":"DocsSync Command docsSync should sync documents successfully in dry run mode","status":"failed","title":"should sync documents successfully in dry run mode","duration":9.832457999999974,"failureMessages":["TypeError: authManager.getSession is not a function\n    at Module.docsSync (/Users/marcin/Projects/veas/m9sh/apps/veas-cli/src/commands/docs-sync-mcp.ts:46:37)\n    at /Users/marcin/Projects/veas/m9sh/apps/veas-cli/src/commands/docs-sync-mcp.test.ts:97:13\n    at file:///Users/marcin/Projects/veas/m9sh/apps/veas-cli/node_modules/.pnpm/@vitest+runner@2.1.9/node_modules/@vitest/runner/dist/index.js:146:14\n    at file:///Users/marcin/Projects/veas/m9sh/apps/veas-cli/node_modules/.pnpm/@vitest+runner@2.1.9/node_modules/@vitest/runner/dist/index.js:533:11\n    at runWithTimeout (file:///Users/marcin/Projects/veas/m9sh/apps/veas-cli/node_modules/.pnpm/@vitest+runner@2.1.9/node_modules/@vitest/runner/dist/index.js:39:7)\n    at runTest (file:///Users/marcin/Projects/veas/m9sh/apps/veas-cli/node_modules/.pnpm/@vitest+runner@2.1.9/node_modules/@vitest/runner/dist/index.js:1056:17)\n    at processTicksAndRejections (node:internal/process/task_queues:105:5)\n    at runSuite (file:///Users/marcin/Projects/veas/m9sh/apps/veas-cli/node_modules/.pnpm/@vitest+runner@2.1.9/node_modules/@vitest/runner/dist/index.js:1205:15)\n    at runSuite (file:///Users/marcin/Projects/veas/m9sh/apps/veas-cli/node_modules/.pnpm/@vitest+runner@2.1.9/node_modules/@vitest/runner/dist/index.js:1205:15)\n    at runSuite (file:///Users/marcin/Projects/veas/m9sh/apps/veas-cli/node_modules/.pnpm/@vitest+runner@2.1.9/node_modules/@vitest/runner/dist/index.js:1205:15)"],"meta":{}},{"ancestorTitles":["DocsSync Command","docsSync"],"fullName":"DocsSync Command docsSync should handle folder not found","status":"failed","title":"should handle folder not found","duration":0.7813750000000255,"failureMessages":["TypeError: authManager.getSession is not a function\n    at Module.docsSync (/Users/marcin/Projects/veas/m9sh/apps/veas-cli/src/commands/docs-sync-mcp.ts:46:37)\n    at /Users/marcin/Projects/veas/m9sh/apps/veas-cli/src/commands/docs-sync-mcp.test.ts:118:13\n    at file:///Users/marcin/Projects/veas/m9sh/apps/veas-cli/node_modules/.pnpm/@vitest+runner@2.1.9/node_modules/@vitest/runner/dist/index.js:146:14\n    at file:///Users/marcin/Projects/veas/m9sh/apps/veas-cli/node_modules/.pnpm/@vitest+runner@2.1.9/node_modules/@vitest/runner/dist/index.js:533:11\n    at runWithTimeout (file:///Users/marcin/Projects/veas/m9sh/apps/veas-cli/node_modules/.pnpm/@vitest+runner@2.1.9/node_modules/@vitest/runner/dist/index.js:39:7)\n    at runTest (file:///Users/marcin/Projects/veas/m9sh/apps/veas-cli/node_modules/.pnpm/@vitest+runner@2.1.9/node_modules/@vitest/runner/dist/index.js:1056:17)\n    at processTicksAndRejections (node:internal/process/task_queues:105:5)\n    at runSuite (file:///Users/marcin/Projects/veas/m9sh/apps/veas-cli/node_modules/.pnpm/@vitest+runner@2.1.9/node_modules/@vitest/runner/dist/index.js:1205:15)\n    at runSuite (file:///Users/marcin/Projects/veas/m9sh/apps/veas-cli/node_modules/.pnpm/@vitest+runner@2.1.9/node_modules/@vitest/runner/dist/index.js:1205:15)\n    at runSuite (file:///Users/marcin/Projects/veas/m9sh/apps/veas-cli/node_modules/.pnpm/@vitest+runner@2.1.9/node_modules/@vitest/runner/dist/index.js:1205:15)"],"meta":{}},{"ancestorTitles":["DocsSync Command","docsSync"],"fullName":"DocsSync Command docsSync should handle verbose mode","status":"failed","title":"should handle verbose mode","duration":0.7782499999999573,"failureMessages":["TypeError: authManager.getSession is not a function\n    at Module.docsSync (/Users/marcin/Projects/veas/m9sh/apps/veas-cli/src/commands/docs-sync-mcp.ts:46:37)\n    at /Users/marcin/Projects/veas/m9sh/apps/veas-cli/src/commands/docs-sync-mcp.test.ts:154:13\n    at file:///Users/marcin/Projects/veas/m9sh/apps/veas-cli/node_modules/.pnpm/@vitest+runner@2.1.9/node_modules/@vitest/runner/dist/index.js:146:14\n    at file:///Users/marcin/Projects/veas/m9sh/apps/veas-cli/node_modules/.pnpm/@vitest+runner@2.1.9/node_modules/@vitest/runner/dist/index.js:533:11\n    at runWithTimeout (file:///Users/marcin/Projects/veas/m9sh/apps/veas-cli/node_modules/.pnpm/@vitest+runner@2.1.9/node_modules/@vitest/runner/dist/index.js:39:7)\n    at runTest (file:///Users/marcin/Projects/veas/m9sh/apps/veas-cli/node_modules/.pnpm/@vitest+runner@2.1.9/node_modules/@vitest/runner/dist/index.js:1056:17)\n    at processTicksAndRejections (node:internal/process/task_queues:105:5)\n    at runSuite (file:///Users/marcin/Projects/veas/m9sh/apps/veas-cli/node_modules/.pnpm/@vitest+runner@2.1.9/node_modules/@vitest/runner/dist/index.js:1205:15)\n    at runSuite (file:///Users/marcin/Projects/veas/m9sh/apps/veas-cli/node_modules/.pnpm/@vitest+runner@2.1.9/node_modules/@vitest/runner/dist/index.js:1205:15)\n    at runSuite (file:///Users/marcin/Projects/veas/m9sh/apps/veas-cli/node_modules/.pnpm/@vitest+runner@2.1.9/node_modules/@vitest/runner/dist/index.js:1205:15)"],"meta":{}},{"ancestorTitles":["DocsSync Command","docsSync"],"fullName":"DocsSync Command docsSync should handle API errors","status":"failed","title":"should handle API errors","duration":5.44662500000004,"failureMessages":["AssertionError: expected [Function] to throw error including 'process.exit' but got 'authManager.getSession is not a funct…'\n    at _Assertion.<anonymous> (file:///Users/marcin/Projects/veas/m9sh/apps/veas-cli/node_modules/.pnpm/@vitest+expect@2.1.9/node_modules/@vitest/expect/dist/index.js:1509:21)\n    at _Assertion.<anonymous> (file:///Users/marcin/Projects/veas/m9sh/apps/veas-cli/node_modules/.pnpm/@vitest+expect@2.1.9/node_modules/@vitest/expect/dist/index.js:972:17)\n    at _Assertion.methodWrapper (file:///Users/marcin/Projects/veas/m9sh/apps/veas-cli/node_modules/.pnpm/chai@5.2.1/node_modules/chai/chai.js:1706:25)\n    at file:///Users/marcin/Projects/veas/m9sh/apps/veas-cli/node_modules/.pnpm/@vitest+expect@2.1.9/node_modules/@vitest/expect/dist/index.js:1849:31\n    at processTicksAndRejections (node:internal/process/task_queues:105:5)"],"meta":{}},{"ancestorTitles":["DocsSync Command","docsSync"],"fullName":"DocsSync Command docsSync should handle file read errors","status":"failed","title":"should handle file read errors","duration":0.9945830000000342,"failureMessages":["AssertionError: expected [Function] to throw error including 'process.exit' but got 'authManager.getSession is not a funct…'\n    at _Assertion.<anonymous> (file:///Users/marcin/Projects/veas/m9sh/apps/veas-cli/node_modules/.pnpm/@vitest+expect@2.1.9/node_modules/@vitest/expect/dist/index.js:1509:21)\n    at _Assertion.<anonymous> (file:///Users/marcin/Projects/veas/m9sh/apps/veas-cli/node_modules/.pnpm/@vitest+expect@2.1.9/node_modules/@vitest/expect/dist/index.js:972:17)\n    at _Assertion.methodWrapper (file:///Users/marcin/Projects/veas/m9sh/apps/veas-cli/node_modules/.pnpm/chai@5.2.1/node_modules/chai/chai.js:1706:25)\n    at file:///Users/marcin/Projects/veas/m9sh/apps/veas-cli/node_modules/.pnpm/@vitest+expect@2.1.9/node_modules/@vitest/expect/dist/index.js:1849:31\n    at processTicksAndRejections (node:internal/process/task_queues:105:5)"],"meta":{}},{"ancestorTitles":["DocsSync Command","docsSync"],"fullName":"DocsSync Command docsSync should use default folder if not specified","status":"failed","title":"should use default folder if not specified","duration":0.6482919999999694,"failureMessages":["TypeError: authManager.getSession is not a function\n    at Module.docsSync (/Users/marcin/Projects/veas/m9sh/apps/veas-cli/src/commands/docs-sync-mcp.ts:46:37)\n    at /Users/marcin/Projects/veas/m9sh/apps/veas-cli/src/commands/docs-sync-mcp.test.ts:214:13\n    at file:///Users/marcin/Projects/veas/m9sh/apps/veas-cli/node_modules/.pnpm/@vitest+runner@2.1.9/node_modules/@vitest/runner/dist/index.js:146:14\n    at file:///Users/marcin/Projects/veas/m9sh/apps/veas-cli/node_modules/.pnpm/@vitest+runner@2.1.9/node_modules/@vitest/runner/dist/index.js:533:11\n    at runWithTimeout (file:///Users/marcin/Projects/veas/m9sh/apps/veas-cli/node_modules/.pnpm/@vitest+runner@2.1.9/node_modules/@vitest/runner/dist/index.js:39:7)\n    at runTest (file:///Users/marcin/Projects/veas/m9sh/apps/veas-cli/node_modules/.pnpm/@vitest+runner@2.1.9/node_modules/@vitest/runner/dist/index.js:1056:17)\n    at processTicksAndRejections (node:internal/process/task_queues:105:5)\n    at runSuite (file:///Users/marcin/Projects/veas/m9sh/apps/veas-cli/node_modules/.pnpm/@vitest+runner@2.1.9/node_modules/@vitest/runner/dist/index.js:1205:15)\n    at runSuite (file:///Users/marcin/Projects/veas/m9sh/apps/veas-cli/node_modules/.pnpm/@vitest+runner@2.1.9/node_modules/@vitest/runner/dist/index.js:1205:15)\n    at runSuite (file:///Users/marcin/Projects/veas/m9sh/apps/veas-cli/node_modules/.pnpm/@vitest+runner@2.1.9/node_modules/@vitest/runner/dist/index.js:1205:15)"],"meta":{}},{"ancestorTitles":["DocsSync Command","docsSync"],"fullName":"DocsSync Command docsSync should exclude ignored patterns","status":"failed","title":"should exclude ignored patterns","duration":0.6178330000000187,"failureMessages":["TypeError: authManager.getSession is not a function\n    at Module.docsSync (/Users/marcin/Projects/veas/m9sh/apps/veas-cli/src/commands/docs-sync-mcp.ts:46:37)\n    at /Users/marcin/Projects/veas/m9sh/apps/veas-cli/src/commands/docs-sync-mcp.test.ts:231:13\n    at file:///Users/marcin/Projects/veas/m9sh/apps/veas-cli/node_modules/.pnpm/@vitest+runner@2.1.9/node_modules/@vitest/runner/dist/index.js:146:14\n    at file:///Users/marcin/Projects/veas/m9sh/apps/veas-cli/node_modules/.pnpm/@vitest+runner@2.1.9/node_modules/@vitest/runner/dist/index.js:533:11\n    at runWithTimeout (file:///Users/marcin/Projects/veas/m9sh/apps/veas-cli/node_modules/.pnpm/@vitest+runner@2.1.9/node_modules/@vitest/runner/dist/index.js:39:7)\n    at runTest (file:///Users/marcin/Projects/veas/m9sh/apps/veas-cli/node_modules/.pnpm/@vitest+runner@2.1.9/node_modules/@vitest/runner/dist/index.js:1056:17)\n    at processTicksAndRejections (node:internal/process/task_queues:105:5)\n    at runSuite (file:///Users/marcin/Projects/veas/m9sh/apps/veas-cli/node_modules/.pnpm/@vitest+runner@2.1.9/node_modules/@vitest/runner/dist/index.js:1205:15)\n    at runSuite (file:///Users/marcin/Projects/veas/m9sh/apps/veas-cli/node_modules/.pnpm/@vitest+runner@2.1.9/node_modules/@vitest/runner/dist/index.js:1205:15)\n    at runSuite (file:///Users/marcin/Projects/veas/m9sh/apps/veas-cli/node_modules/.pnpm/@vitest+runner@2.1.9/node_modules/@vitest/runner/dist/index.js:1205:15)"],"meta":{}},{"ancestorTitles":["DocsSync Command","docsSync"],"fullName":"DocsSync Command docsSync should handle empty file content","status":"failed","title":"should handle empty file content","duration":0.6269590000000562,"failureMessages":["TypeError: authManager.getSession is not a function\n    at Module.docsSync (/Users/marcin/Projects/veas/m9sh/apps/veas-cli/src/commands/docs-sync-mcp.ts:46:37)\n    at /Users/marcin/Projects/veas/m9sh/apps/veas-cli/src/commands/docs-sync-mcp.test.ts:272:13\n    at file:///Users/marcin/Projects/veas/m9sh/apps/veas-cli/node_modules/.pnpm/@vitest+runner@2.1.9/node_modules/@vitest/runner/dist/index.js:146:14\n    at file:///Users/marcin/Projects/veas/m9sh/apps/veas-cli/node_modules/.pnpm/@vitest+runner@2.1.9/node_modules/@vitest/runner/dist/index.js:533:11\n    at runWithTimeout (file:///Users/marcin/Projects/veas/m9sh/apps/veas-cli/node_modules/.pnpm/@vitest+runner@2.1.9/node_modules/@vitest/runner/dist/index.js:39:7)\n    at runTest (file:///Users/marcin/Projects/veas/m9sh/apps/veas-cli/node_modules/.pnpm/@vitest+runner@2.1.9/node_modules/@vitest/runner/dist/index.js:1056:17)\n    at processTicksAndRejections (node:internal/process/task_queues:105:5)\n    at runSuite (file:///Users/marcin/Projects/veas/m9sh/apps/veas-cli/node_modules/.pnpm/@vitest+runner@2.1.9/node_modules/@vitest/runner/dist/index.js:1205:15)\n    at runSuite (file:///Users/marcin/Projects/veas/m9sh/apps/veas-cli/node_modules/.pnpm/@vitest+runner@2.1.9/node_modules/@vitest/runner/dist/index.js:1205:15)\n    at runSuite (file:///Users/marcin/Projects/veas/m9sh/apps/veas-cli/node_modules/.pnpm/@vitest+runner@2.1.9/node_modules/@vitest/runner/dist/index.js:1205:15)"],"meta":{}},{"ancestorTitles":["DocsSync Command","docsSync"],"fullName":"DocsSync Command docsSync should process files in batches","status":"failed","title":"should process files in batches","duration":2.621208000000024,"failureMessages":["TypeError: authManager.getSession is not a function\n    at Module.docsSync (/Users/marcin/Projects/veas/m9sh/apps/veas-cli/src/commands/docs-sync-mcp.ts:46:37)\n    at /Users/marcin/Projects/veas/m9sh/apps/veas-cli/src/commands/docs-sync-mcp.test.ts:308:13\n    at file:///Users/marcin/Projects/veas/m9sh/apps/veas-cli/node_modules/.pnpm/@vitest+runner@2.1.9/node_modules/@vitest/runner/dist/index.js:146:14\n    at file:///Users/marcin/Projects/veas/m9sh/apps/veas-cli/node_modules/.pnpm/@vitest+runner@2.1.9/node_modules/@vitest/runner/dist/index.js:533:11\n    at runWithTimeout (file:///Users/marcin/Projects/veas/m9sh/apps/veas-cli/node_modules/.pnpm/@vitest+runner@2.1.9/node_modules/@vitest/runner/dist/index.js:39:7)\n    at runTest (file:///Users/marcin/Projects/veas/m9sh/apps/veas-cli/node_modules/.pnpm/@vitest+runner@2.1.9/node_modules/@vitest/runner/dist/index.js:1056:17)\n    at processTicksAndRejections (node:internal/process/task_queues:105:5)\n    at runSuite (file:///Users/marcin/Projects/veas/m9sh/apps/veas-cli/node_modules/.pnpm/@vitest+runner@2.1.9/node_modules/@vitest/runner/dist/index.js:1205:15)\n    at runSuite (file:///Users/marcin/Projects/veas/m9sh/apps/veas-cli/node_modules/.pnpm/@vitest+runner@2.1.9/node_modules/@vitest/runner/dist/index.js:1205:15)\n    at runSuite (file:///Users/marcin/Projects/veas/m9sh/apps/veas-cli/node_modules/.pnpm/@vitest+runner@2.1.9/node_modules/@vitest/runner/dist/index.js:1205:15)"],"meta":{}},{"ancestorTitles":["DocsSync Command","docsSync"],"fullName":"DocsSync Command docsSync should respect publication ID from environment","status":"failed","title":"should respect publication ID from environment","duration":0.7832089999999425,"failureMessages":["TypeError: authManager.getSession is not a function\n    at Module.docsSync (/Users/marcin/Projects/veas/m9sh/apps/veas-cli/src/commands/docs-sync-mcp.ts:46:37)\n    at /Users/marcin/Projects/veas/m9sh/apps/veas-cli/src/commands/docs-sync-mcp.test.ts:334:13\n    at file:///Users/marcin/Projects/veas/m9sh/apps/veas-cli/node_modules/.pnpm/@vitest+runner@2.1.9/node_modules/@vitest/runner/dist/index.js:146:14\n    at file:///Users/marcin/Projects/veas/m9sh/apps/veas-cli/node_modules/.pnpm/@vitest+runner@2.1.9/node_modules/@vitest/runner/dist/index.js:533:11\n    at runWithTimeout (file:///Users/marcin/Projects/veas/m9sh/apps/veas-cli/node_modules/.pnpm/@vitest+runner@2.1.9/node_modules/@vitest/runner/dist/index.js:39:7)\n    at runTest (file:///Users/marcin/Projects/veas/m9sh/apps/veas-cli/node_modules/.pnpm/@vitest+runner@2.1.9/node_modules/@vitest/runner/dist/index.js:1056:17)\n    at processTicksAndRejections (node:internal/process/task_queues:105:5)\n    at runSuite (file:///Users/marcin/Projects/veas/m9sh/apps/veas-cli/node_modules/.pnpm/@vitest+runner@2.1.9/node_modules/@vitest/runner/dist/index.js:1205:15)\n    at runSuite (file:///Users/marcin/Projects/veas/m9sh/apps/veas-cli/node_modules/.pnpm/@vitest+runner@2.1.9/node_modules/@vitest/runner/dist/index.js:1205:15)\n    at runSuite (file:///Users/marcin/Projects/veas/m9sh/apps/veas-cli/node_modules/.pnpm/@vitest+runner@2.1.9/node_modules/@vitest/runner/dist/index.js:1205:15)"],"meta":{}},{"ancestorTitles":["DocsSync Command","docsSync"],"fullName":"DocsSync Command docsSync should handle network timeouts","status":"failed","title":"should handle network timeouts","duration":0.9099580000000742,"failureMessages":["AssertionError: expected [Function] to throw error including 'process.exit' but got 'authManager.getSession is not a funct…'\n    at _Assertion.<anonymous> (file:///Users/marcin/Projects/veas/m9sh/apps/veas-cli/node_modules/.pnpm/@vitest+expect@2.1.9/node_modules/@vitest/expect/dist/index.js:1509:21)\n    at _Assertion.<anonymous> (file:///Users/marcin/Projects/veas/m9sh/apps/veas-cli/node_modules/.pnpm/@vitest+expect@2.1.9/node_modules/@vitest/expect/dist/index.js:972:17)\n    at _Assertion.methodWrapper (file:///Users/marcin/Projects/veas/m9sh/apps/veas-cli/node_modules/.pnpm/chai@5.2.1/node_modules/chai/chai.js:1706:25)\n    at file:///Users/marcin/Projects/veas/m9sh/apps/veas-cli/node_modules/.pnpm/@vitest+expect@2.1.9/node_modules/@vitest/expect/dist/index.js:1849:31\n    at processTicksAndRejections (node:internal/process/task_queues:105:5)"],"meta":{}},{"ancestorTitles":["DocsSync Command","docsSync"],"fullName":"DocsSync Command docsSync should create folder structure in publication","status":"fail
[...]
/Users/marcin/Projects/veas/m9sh/apps/veas-cli/node_modules/.pnpm/@vitest+runner@2.1.9/node_modules/@vitest/runner/dist/index.js:953:10)\n    at runTest (file:///Users/marcin/Projects/veas/m9sh/apps/veas-cli/node_modules/.pnpm/@vitest+runner@2.1.9/node_modules/@vitest/runner/dist/index.js:1040:30)\n    at runSuite (file:///Users/marcin/Projects/veas/m9sh/apps/veas-cli/node_modules/.pnpm/@vitest+runner@2.1.9/node_modules/@vitest/runner/dist/index.js:1205:15)\n    at runSuite (file:///Users/marcin/Projects/veas/m9sh/apps/veas-cli/node_modules/.pnpm/@vitest+runner@2.1.9/node_modules/@vitest/runner/dist/index.js:1205:15)\n    at runSuite (file:///Users/marcin/Projects/veas/m9sh/apps/veas-cli/node_modules/.pnpm/@vitest+runner@2.1.9/node_modules/@vitest/runner/dist/index.js:1205:15)","TypeError: Cannot read properties of undefined (reading 'disconnect')\n    at /Users/marcin/Projects/veas/m9sh/apps/veas-cli/src/mcp/sse-client.test.ts:45:12\n    at file:///Users/marcin/Projects/veas/m9sh/apps/veas-cli/node_modules/.pnpm/@vitest+runner@2.1.9/node_modules/@vitest/runner/dist/index.js:146:14\n    at runWithTimeout (file:///Users/marcin/Projects/veas/m9sh/apps/veas-cli/node_modules/.pnpm/@vitest+runner@2.1.9/node_modules/@vitest/runner/dist/index.js:39:7)\n    at callSuiteHook (file:///Users/marcin/Projects/veas/m9sh/apps/veas-cli/node_modules/.pnpm/@vitest+runner@2.1.9/node_modules/@vitest/runner/dist/index.js:964:28)\n    at callSuiteHook (file:///Users/marcin/Projects/veas/m9sh/apps/veas-cli/node_modules/.pnpm/@vitest+runner@2.1.9/node_modules/@vitest/runner/dist/index.js:970:16)\n    at runTest (file:///Users/marcin/Projects/veas/m9sh/apps/veas-cli/node_modules/.pnpm/@vitest+runner@2.1.9/node_modules/@vitest/runner/dist/index.js:1085:15)\n    at processTicksAndRejections (node:internal/process/task_queues:105:5)\n    at runSuite (file:///Users/marcin/Projects/veas/m9sh/apps/veas-cli/node_modules/.pnpm/@vitest+runner@2.1.9/node_modules/@vitest/runner/dist/index.js:1205:15)\n    at runSuite (file:///Users/marcin/Projects/veas/m9sh/apps/veas-cli/node_modules/.pnpm/@vitest+runner@2.1.9/node_modules/@vitest/runner/dist/index.js:1205:15)\n    at runSuite (file:///Users/marcin/Projects/veas/m9sh/apps/veas-cli/node_modules/.pnpm/@vitest+runner@2.1.9/node_modules/@vitest/runner/dist/index.js:1205:15)"],"meta":{}}],"startTime":1755048338365,"endTime":1755048338377.339,"status":"failed","message":"","name":"/Users/marcin/Projects/veas/m9sh/apps/veas-cli/src/mcp/sse-client.test.ts"},{"assertionResults":[{"ancestorTitles":["getMCPTools"],"fullName":"getMCPTools should fetch tools successfully","status":"failed","title":"should fetch tools successfully","duration":4.089999999999975,"failureMessages":["TypeError: Cannot read properties of undefined (reading 'forEach')\n    at Module.getMCPTools (/Users/marcin/Projects/veas/m9sh/apps/veas-cli/src/mcp/tools-registry.ts:47:22)\n    at processTicksAndRejections (node:internal/process/task_queues:105:5)\n    at /Users/marcin/Projects/veas/m9sh/apps/veas-cli/src/mcp/tools-registry.test.ts:22:20\n    at file:///Users/marcin/Projects/veas/m9sh/apps/veas-cli/node_modules/.pnpm/@vitest+runner@2.1.9/node_modules/@vitest/runner/dist/index.js:533:5\n    at runTest (file:///Users/marcin/Projects/veas/m9sh/apps/veas-cli/node_modules/.pnpm/@vitest+runner@2.1.9/node_modules/@vitest/runner/dist/index.js:1056:11)\n    at runSuite (file:///Users/marcin/Projects/veas/m9sh/apps/veas-cli/node_modules/.pnpm/@vitest+runner@2.1.9/node_modules/@vitest/runner/dist/index.js:1205:15)\n    at runSuite (file:///Users/marcin/Projects/veas/m9sh/apps/veas-cli/node_modules/.pnpm/@vitest+runner@2.1.9/node_modules/@vitest/runner/dist/index.js:1205:15)\n    at runFiles (file:///Users/marcin/Projects/veas/m9sh/apps/veas-cli/node_modules/.pnpm/@vitest+runner@2.1.9/node_modules/@vitest/runner/dist/index.js:1262:5)\n    at startTests (file:///Users/marcin/Projects/veas/m9sh/apps/veas-cli/node_modules/.pnpm/@vitest+runner@2.1.9/node_modules/@vitest/runner/dist/index.js:1271:3)\n    at file:///Users/marcin/Projects/veas/m9sh/apps/veas-cli/node_modules/.pnpm/vitest@2.1.9_@types+node@22.17.1_@vitest+ui@2.1.9/node_modules/vitest/dist/chunks/runBaseTests.3qpJUEJM.js:126:11"],"meta":{}},{"ancestorTitles":["getMCPTools"],"fullName":"getMCPTools should use custom API URL from environment","status":"failed","title":"should use custom API URL from environment","duration":0.43633299999999053,"failureMessages":["TypeError: Cannot read properties of undefined (reading 'forEach')\n    at Module.getMCPTools (/Users/marcin/Projects/veas/m9sh/apps/veas-cli/src/mcp/tools-registry.ts:47:22)\n    at processTicksAndRejections (node:internal/process/task_queues:105:5)\n    at /Users/marcin/Projects/veas/m9sh/apps/veas-cli/src/mcp/tools-registry.test.ts:52:5\n    at file:///Users/marcin/Projects/veas/m9sh/apps/veas-cli/node_modules/.pnpm/@vitest+runner@2.1.9/node_modules/@vitest/runner/dist/index.js:533:5\n    at runTest (file:///Users/marcin/Projects/veas/m9sh/apps/veas-cli/node_modules/.pnpm/@vitest+runner@2.1.9/node_modules/@vitest/runner/dist/index.js:1056:11)\n    at runSuite (file:///Users/marcin/Projects/veas/m9sh/apps/veas-cli/node_modules/.pnpm/@vitest+runner@2.1.9/node_modules/@vitest/runner/dist/index.js:1205:15)\n    at runSuite (file:///Users/marcin/Projects/veas/m9sh/apps/veas-cli/node_modules/.pnpm/@vitest+runner@2.1.9/node_modules/@vitest/runner/dist/index.js:1205:15)\n    at runFiles (file:///Users/marcin/Projects/veas/m9sh/apps/veas-cli/node_modules/.pnpm/@vitest+runner@2.1.9/node_modules/@vitest/runner/dist/index.js:1262:5)\n    at startTests (file:///Users/marcin/Projects/veas/m9sh/apps/veas-cli/node_modules/.pnpm/@vitest+runner@2.1.9/node_modules/@vitest/runner/dist/index.js:1271:3)\n    at file:///Users/marcin/Projects/veas/m9sh/apps/veas-cli/node_modules/.pnpm/vitest@2.1.9_@types+node@22.17.1_@vitest+ui@2.1.9/node_modules/vitest/dist/chunks/runBaseTests.3qpJUEJM.js:126:11"],"meta":{}},{"ancestorTitles":["getMCPTools"],"fullName":"getMCPTools should throw error on non-ok response","status":"failed","title":"should throw error on non-ok response","duration":3.8326660000000174,"failureMessages":["AssertionError: expected [Function] to throw error including 'Failed to fetch tools: Unauthorized' but got 'Cannot read properties of undefined (…'\n    at _Assertion.<anonymous> (file:///Users/marcin/Projects/veas/m9sh/apps/veas-cli/node_modules/.pnpm/@vitest+expect@2.1.9/node_modules/@vitest/expect/dist/index.js:1509:21)\n    at _Assertion.<anonymous> (file:///Users/marcin/Projects/veas/m9sh/apps/veas-cli/node_modules/.pnpm/@vitest+expect@2.1.9/node_modules/@vitest/expect/dist/index.js:972:17)\n    at _Assertion.methodWrapper (file:///Users/marcin/Projects/veas/m9sh/apps/veas-cli/node_modules/.pnpm/chai@5.2.1/node_modules/chai/chai.js:1706:25)\n    at file:///Users/marcin/Projects/veas/m9sh/apps/veas-cli/node_modules/.pnpm/@vitest+expect@2.1.9/node_modules/@vitest/expect/dist/index.js:1849:31\n    at processTicksAndRejections (node:internal/process/task_queues:105:5)\n    at /Users/marcin/Projects/veas/m9sh/apps/veas-cli/src/mcp/tools-registry.test.ts:67:5\n    at file:///Users/marcin/Projects/veas/m9sh/apps/veas-cli/node_modules/.pnpm/@vitest+runner@2.1.9/node_modules/@vitest/runner/dist/index.js:533:5\n    at runTest (file:///Users/marcin/Projects/veas/m9sh/apps/veas-cli/node_modules/.pnpm/@vitest+runner@2.1.9/node_modules/@vitest/runner/dist/index.js:1056:11)\n    at runSuite (file:///Users/marcin/Projects/veas/m9sh/apps/veas-cli/node_modules/.pnpm/@vitest+runner@2.1.9/node_modules/@vitest/runner/dist/index.js:1205:15)\n    at runSuite (file:///Users/marcin/Projects/veas/m9sh/apps/veas-cli/node_modules/.pnpm/@vitest+runner@2.1.9/node_modules/@vitest/runner/dist/index.js:1205:15)"],"meta":{}},{"ancestorTitles":["getMCPTools"],"fullName":"getMCPTools should throw error when API returns error","status":"failed","title":"should throw error when API returns error","duration":1.0178339999999935,"failureMessages":["AssertionError: expected [Function] to throw error including 'Failed to list tools: Invalid token' but got 'Cannot read properties of undefined (…'\n    at _Assertion.<anonymous> (file:///Users/marcin/Projects/veas/m9sh/apps/veas-cli/node_modules/.pnpm/@vitest+expect@2.1.9/node_modules/@vitest/expect/dist/index.js:1509:21)\n    at _Assertion.<anonymous> (file:///Users/marcin/Projects/veas/m9sh/apps/veas-cli/node_modules/.pnpm/@vitest+expect@2.1.9/node_modules/@vitest/expect/dist/index.js:972:17)\n    at _Assertion.methodWrapper (file:///Users/marcin/Projects/veas/m9sh/apps/veas-cli/node_modules/.pnpm/chai@5.2.1/node_modules/chai/chai.js:1706:25)\n    at file:///Users/marcin/Projects/veas/m9sh/apps/veas-cli/node_modules/.pnpm/@vitest+expect@2.1.9/node_modules/@vitest/expect/dist/index.js:1849:31\n    at processTicksAndRejections (node:internal/process/task_queues:105:5)\n    at /Users/marcin/Projects/veas/m9sh/apps/veas-cli/src/mcp/tools-registry.test.ts:78:5\n    at file:///Users/marcin/Projects/veas/m9sh/apps/veas-cli/node_modules/.pnpm/@vitest+runner@2.1.9/node_modules/@vitest/runner/dist/index.js:533:5\n    at runTest (file:///Users/marcin/Projects/veas/m9sh/apps/veas-cli/node_modules/.pnpm/@vitest+runner@2.1.9/node_modules/@vitest/runner/dist/index.js:1056:11)\n    at runSuite (file:///Users/marcin/Projects/veas/m9sh/apps/veas-cli/node_modules/.pnpm/@vitest+runner@2.1.9/node_modules/@vitest/runner/dist/index.js:1205:15)\n    at runSuite (file:///Users/marcin/Projects/veas/m9sh/apps/veas-cli/node_modules/.pnpm/@vitest+runner@2.1.9/node_modules/@vitest/runner/dist/index.js:1205:15)"],"meta":{}},{"ancestorTitles":["getMCPTools"],"fullName":"getMCPTools should return empty array when no tools in response","status":"failed","title":"should return empty array when no tools in response","duration":0.3118339999999762,"failureMessages":["TypeError: Cannot read properties of undefined (reading 'forEach')\n    at Module.getMCPTools (/Users/marcin/Projects/veas/m9sh/apps/veas-cli/src/mcp/tools-registry.ts:47:22)\n    at processTicksAndRejections (node:internal/process/task_queues:105:5)\n    at /Users/marcin/Projects/veas/m9sh/apps/veas-cli/src/mcp/tools-registry.test.ts:89:20\n    at file:///Users/marcin/Projects/veas/m9sh/apps/veas-cli/node_modules/.pnpm/@vitest+runner@2.1.9/node_modules/@vitest/runner/dist/index.js:533:5\n    at runTest (file:///Users/marcin/Projects/veas/m9sh/apps/veas-cli/node_modules/.pnpm/@vitest+runner@2.1.9/node_modules/@vitest/runner/dist/index.js:1056:11)\n    at runSuite (file:///Users/marcin/Projects/veas/m9sh/apps/veas-cli/node_modules/.pnpm/@vitest+runner@2.1.9/node_modules/@vitest/runner/dist/index.js:1205:15)\n    at runSuite (file:///Users/marcin/Projects/veas/m9sh/apps/veas-cli/node_modules/.pnpm/@vitest+runner@2.1.9/node_modules/@vitest/runner/dist/index.js:1205:15)\n    at runFiles (file:///Users/marcin/Projects/veas/m9sh/apps/veas-cli/node_modules/.pnpm/@vitest+runner@2.1.9/node_modules/@vitest/runner/dist/index.js:1262:5)\n    at startTests (file:///Users/marcin/Projects/veas/m9sh/apps/veas-cli/node_modules/.pnpm/@vitest+runner@2.1.9/node_modules/@vitest/runner/dist/index.js:1271:3)\n    at file:///Users/marcin/Projects/veas/m9sh/apps/veas-cli/node_modules/.pnpm/vitest@2.1.9_@types+node@22.17.1_@vitest+ui@2.1.9/node_modules/vitest/dist/chunks/runBaseTests.3qpJUEJM.js:126:11"],"meta":{}},{"ancestorTitles":["getMCPTools"],"fullName":"getMCPTools should handle network errors","status":"passed","title":"should handle network errors","duration":0.29129199999999855,"failureMessages":[],"meta":{}}],"startTime":1755048339067,"endTime":1755048339077.3118,"status":"failed","message":"","name":"/Users/marcin/Projects/veas/m9sh/apps/veas-cli/src/mcp/tools-registry.test.ts"},{"assertionResults":[{"ancestorTitles":["Logger","setLevel"],"fullName":"Logger setLevel should set log level","status":"passed","title":"should set log level","duration":2.0383340000000203,"failureMessages":[],"meta":{}},{"ancestorTitles":["Logger","info"],"fullName":"Logger info should log info messages","status":"passed","title":"should log info messages","duration":0.194041000000027,"failureMessages":[],"meta":{}},{"ancestorTitles":["Logger","info"],"fullName":"Logger info should handle multiple arguments","status":"passed","title":"should handle multiple arguments","duration":0.16170799999997598,"failureMessages":[],"meta":{}},{"ancestorTitles":["Logger","info"],"fullName":"Logger info should handle objects","status":"passed","title":"should handle objects","duration":0.3449579999999628,"failureMessages":[],"meta":{}},{"ancestorTitles":["Logger","info"],"fullName":"Logger info should not log when level is higher than INFO","status":"passed","title":"should not log when level is higher than INFO","duration":0.14191700000003493,"failureMessages":[],"meta":{}},{"ancestorTitles":["Logger","warn"],"fullName":"Logger warn should log warning messages","status":"passed","title":"should log warning messages","duration":0.16766699999999446,"failureMessages":[],"meta":{}},{"ancestorTitles":["Logger","warn"],"fullName":"Logger warn should handle arrays","status":"passed","title":"should handle arrays","duration":0.15654100000000426,"failureMessages":[],"meta":{}},{"ancestorTitles":["Logger","warn"],"fullName":"Logger warn should not log when level is higher than WARN","status":"passed","title":"should not log when level is higher than WARN","duration":0.13800000000003365,"failureMessages":[],"meta":{}},{"ancestorTitles":["Logger","error"],"fullName":"Logger error should log error messages","status":"passed","title":"should log error messages","duration":0.17379199999999173,"failureMessages":[],"meta":{}},{"ancestorTitles":["Logger","error"],"fullName":"Logger error should handle Error objects","status":"passed","title":"should handle Error objects","duration":0.17824999999999136,"failureMessages":[],"meta":{}},{"ancestorTitles":["Logger","error"],"fullName":"Logger error should handle error with stack trace","status":"passed","title":"should handle error with stack trace","duration":0.22062499999998408,"failureMessages":[],"meta":{}},{"ancestorTitles":["Logger","error"],"fullName":"Logger error should log even at ERROR level","status":"passed","title":"should log even at ERROR level","duration":0.16195899999996755,"failureMessages":[],"meta":{}},{"ancestorTitles":["Logger","debug"],"fullName":"Logger debug should not log debug messages by default","status":"passed","title":"should not log debug messages by default","duration":0.1479580000000169,"failureMessages":[],"meta":{}},{"ancestorTitles":["Logger","debug"],"fullName":"Logger debug should log debug messages when level is DEBUG","status":"passed","title":"should log debug messages when level is DEBUG","duration":0.20716700000002675,"failureMessages":[],"meta":{}},{"ancestorTitles":["Logger","debug"],"fullName":"Logger debug should handle complex debug data","status":"passed","title":"should handle complex debug data","duration":0.17687499999999545,"failureMessages":[],"meta":{}},{"ancestorTitles":["Logger","debugSensitive"],"fullName":"Logger debugSensitive should not log sensitive data by default","status":"passed","title":"should not log sensitive data by default","duration":0.21766700000000583,"failureMessages":[],"meta":{}},{"ancestorTitles":["Logger","debugSensitive"],"fullName":"Logger debugSensitive should log sensitive data in debug mode when not in production","status":"passed","title":"should log sensitive data in debug mode when not in production","duration":0.17741699999999128,"failureMessages":[],"meta":{}},{"ancestorTitles":["Logger","debugSensitive"],"fullName":"Logger debugSensitive should not log sensitive data in production even in debug mode","status":"passed","title":"should not log sensitive data in production even in debug mode","duration":0.14775000000003047,"failureMessages":[],"meta":{}},{"ancestorTitles":["Logger","debugSensitive"],"fullName":"Logger debugSensitive should not log sensitive data when level is higher than DEBUG","status":"passed","title":"should not log sensitive data when level is higher than DEBUG","duration":0.16733299999998508,"failureMessages":[],"meta":{}},{"ancestorTitles":["Logger","log level hierarchy"],"fullName":"Logger log level hierarchy should respect log level hierarchy","status":"passed","title":"should respect log level hierarchy","duration":0.3994159999999738,"failureMessages":[],"meta":{}},{"ancestorTitles":["Logger","edge cases"],"fullName":"Logger edge cases should handle empty arguments","status":"passed","title":"should handle empty arguments","duration":0.22399999999998954,"failureMessages":[],"meta":{}},{"ancestorTitles":["Logger","edge cases"],"fullName":"Logger edge cases should handle very long strings","status":"passed","title":"should handle very long strings","duration":0.19941699999998264,"failureMessages":[],"meta":{}},{"ancestorTitles":["Logger","edge cases"],"fullName":"Logger edge cases should handle circular references","status":"passed","title":"should handle circular references","duration":0.19329199999998536,"failureMessages":[],"meta":{}},{"ancestorTitles":["Logger","edge cases"],"fullName":"Logger edge cases should handle undefined and null","status":"passed","title":"should handle undefined and null","duration":0.1894999999999527,"failureMessages":[],"meta":{}},{"ancestorTitles":["Logger","edge cases"],"fullName":"Logger edge cases should handle boolean and number arguments","status":"passed","title":"should handle boolean and number arguments","duration":0.1925420000000031,"failureMessages":[],"meta":{}},{"ancestorTitles":["Logger","edge cases"],"fullName":"Logger edge cases should handle symbols","status":"passed","title":"should handle symbols","duration":0.2147499999999809,"failureMessages":[],"meta":{}}],"startTime":1755048338264,"endTime":1755048338272.2148,"status":"passed","message":"","name":"/Users/marcin/Projects/veas/m9sh/apps/veas-cli/src/utils/logger.test.ts"},{"assertionResults":[],"startTime":1755048337775,"endTime":1755048337775,"status":"failed","message":"[vitest] No \"platform\" export is defined on the \"os\" mock. Did you forget to return it from \"vi.mock\"?\nIf you need to partially mock a module, you can use \"importOriginal\" helper inside:\n","name":"/Users/marcin/Projects/veas/m9sh/apps/veas-cli/src/test/e2e/auth.e2e.test.ts"},{"assertionResults":[],"startTime":1755048337775,"endTime":1755048337775,"status":"failed","message":"[vitest] No \"platform\" export is defined on the \"os\" mock. Did you forget to return it from \"vi.mock\"?\nIf you need to partially mock a module, you can use \"importOriginal\" helper inside:\n","name":"/Users/marcin/Projects/veas/m9sh/apps/veas-cli/src/test/e2e/error-handling.e2e.test.ts"},{"assertionResults":[],"startTime":1755048337775,"endTime":1755048337775,"status":"failed","message":"[vitest] No \"platform\" export is defined on the \"os\" mock. Did you forget to return it from \"vi.mock\"?\nIf you need to partially mock a module, you can use \"importOriginal\" helper inside:\n","name":"/Users/marcin/Projects/veas/m9sh/apps/veas-cli/src/test/e2e/mcp-auth.e2e.test.ts"},{"assertionResults":[],"startTime":1755048337775,"endTime":1755048337775,"status":"failed","message":"[vitest] No \"platform\" export is defined on the \"os\" mock. Did you forget to return it from \"vi.mock\"?\nIf you need to partially mock a module, you can use \"importOriginal\" helper inside:\n","name":"/Users/marcin/Projects/veas/m9sh/apps/veas-cli/src/test/e2e/mcp-connection.e2e.test.ts"},{"assertionResults":[],"startTime":1755048337775,"endTime":1755048337775,"status":"failed","message":"[vitest] No \"platform\" export is defined on the \"os\" mock. Did you forget to return it from \"vi.mock\"?\nIf you need to partially mock a module, you can use \"importOriginal\" helper inside:\n","name":"/Users/marcin/Projects/veas/m9sh/apps/veas-cli/src/test/e2e/tool-execution.e2e.test.ts"}]}